This is pdfTeX, Version 3.141592653-2.6-1.40.22 (MiKTeX 21.6) (preloaded format=pdflatex 2021.6.29)  1 JUL 2021 03:05
entering extended mode
**./main.tex
(main.tex
LaTeX2e <2021-06-01>
L3 programming layer <2021-06-01>
(C:\Users\vovan\AppData\Local\Programs\MiKTeX\tex/latex/base\report.cls
Document Class: report 2021/02/12 v1.4n Standard LaTeX document class
(C:\Users\vovan\AppData\Local\Programs\MiKTeX\tex/latex/base\size10.clo
File: size10.clo 2021/02/12 v1.4n Standard LaTeX file (size option)
)
\c@part=\count182
\c@chapter=\count183
\c@section=\count184
\c@subsection=\count185
\c@subsubsection=\count186
\c@paragraph=\count187
\c@subparagraph=\count188
\c@figure=\count189
\c@table=\count190
\abovecaptionskip=\skip47
\belowcaptionskip=\skip48
\bibindent=\dimen138
)
(C:\Users\vovan\AppData\Local\Programs\MiKTeX\tex/latex/vntex\vietnam.sty
Package: vietnam 2009/07/12 v1.3 support for Vietnamese

(C:\Users\vovan\AppData\Local\Programs\MiKTeX\tex/latex/base\ifthen.sty
Package: ifthen 2020/11/24 v1.1c Standard LaTeX ifthen package (DPC)
)
(C:\Users\vovan\AppData\Local\Programs\MiKTeX\tex/latex/base\fontenc.sty
Package: fontenc 2021/04/29 v2.0v Standard LaTeX package

(C:\Users\vovan\AppData\Local\Programs\MiKTeX\tex/latex/vntex\t5enc.def
File: t5enc.def 2006/11/21 v1.4 Vietnamese T5 encoding
Now handling font encoding T5 ...
... processing UTF-8 mapping file for font encoding T5

(C:\Users\vovan\AppData\Local\Programs\MiKTeX\tex/latex/vntex\t5enc.dfu
File: t5enc.dfu 2006/08/19 v1.1 UTF8 support for Vietnamese
   defining Unicode char U+00AB (decimal 171)
   defining Unicode char U+00BB (decimal 187)
   defining Unicode char U+00C0 (decimal 192)
   defining Unicode char U+00C1 (decimal 193)
   defining Unicode char U+00C2 (decimal 194)
   defining Unicode char U+00C3 (decimal 195)
   defining Unicode char U+00C8 (decimal 200)
   defining Unicode char U+00C9 (decimal 201)
   defining Unicode char U+00CA (decimal 202)
   defining Unicode char U+00CC (decimal 204)
   defining Unicode char U+00CD (decimal 205)
   defining Unicode char U+00D2 (decimal 210)
   defining Unicode char U+00D3 (decimal 211)
   defining Unicode char U+00D4 (decimal 212)
   defining Unicode char U+00D5 (decimal 213)
   defining Unicode char U+00D9 (decimal 217)
   defining Unicode char U+00DA (decimal 218)
   defining Unicode char U+00DD (decimal 221)
   defining Unicode char U+00E0 (decimal 224)
   defining Unicode char U+00E1 (decimal 225)
   defining Unicode char U+00E2 (decimal 226)
   defining Unicode char U+00E3 (decimal 227)
   defining Unicode char U+00E8 (decimal 232)
   defining Unicode char U+00E9 (decimal 233)
   defining Unicode char U+00EA (decimal 234)
   defining Unicode char U+00EC (decimal 236)
   defining Unicode char U+00ED (decimal 237)
   defining Unicode char U+00F2 (decimal 242)
   defining Unicode char U+00F3 (decimal 243)
   defining Unicode char U+00F4 (decimal 244)
   defining Unicode char U+00F5 (decimal 245)
   defining Unicode char U+00F9 (decimal 249)
   defining Unicode char U+00FA (decimal 250)
   defining Unicode char U+00FD (decimal 253)
   defining Unicode char U+0102 (decimal 258)
   defining Unicode char U+0103 (decimal 259)
   defining Unicode char U+0110 (decimal 272)
   defining Unicode char U+0111 (decimal 273)
   defining Unicode char U+0128 (decimal 296)
   defining Unicode char U+0129 (decimal 297)
   defining Unicode char U+0131 (decimal 305)
   defining Unicode char U+0168 (decimal 360)
   defining Unicode char U+0169 (decimal 361)
   defining Unicode char U+01A0 (decimal 416)
   defining Unicode char U+01A1 (decimal 417)
   defining Unicode char U+01AF (decimal 431)
   defining Unicode char U+01B0 (decimal 432)
   defining Unicode char U+1EA0 (decimal 7840)
   defining Unicode char U+1EA1 (decimal 7841)
   defining Unicode char U+1EA2 (decimal 7842)
   defining Unicode char U+1EA3 (decimal 7843)
   defining Unicode char U+1EA4 (decimal 7844)
   defining Unicode char U+1EA5 (decimal 7845)
   defining Unicode char U+1EA6 (decimal 7846)
   defining Unicode char U+1EA7 (decimal 7847)
   defining Unicode char U+1EA8 (decimal 7848)
   defining Unicode char U+1EA9 (decimal 7849)
   defining Unicode char U+1EAA (decimal 7850)
   defining Unicode char U+1EAB (decimal 7851)
   defining Unicode char U+1EAC (decimal 7852)
   defining Unicode char U+1EAD (decimal 7853)
   defining Unicode char U+1EAE (decimal 7854)
   defining Unicode char U+1EAF (decimal 7855)
   defining Unicode char U+1EB0 (decimal 7856)
   defining Unicode char U+1EB1 (decimal 7857)
   defining Unicode char U+1EB2 (decimal 7858)
   defining Unicode char U+1EB3 (decimal 7859)
   defining Unicode char U+1EB4 (decimal 7860)
   defining Unicode char U+1EB5 (decimal 7861)
   defining Unicode char U+1EB6 (decimal 7862)
   defining Unicode char U+1EB7 (decimal 7863)
   defining Unicode char U+1EB8 (decimal 7864)
   defining Unicode char U+1EB9 (decimal 7865)
   defining Unicode char U+1EBA (decimal 7866)
   defining Unicode char U+1EBB (decimal 7867)
   defining Unicode char U+1EBC (decimal 7868)
   defining Unicode char U+1EBD (decimal 7869)
   defining Unicode char U+1EBE (decimal 7870)
   defining Unicode char U+1EBF (decimal 7871)
   defining Unicode char U+1EC0 (decimal 7872)
   defining Unicode char U+1EC1 (decimal 7873)
   defining Unicode char U+1EC2 (decimal 7874)
   defining Unicode char U+1EC3 (decimal 7875)
   defining Unicode char U+1EC4 (decimal 7876)
   defining Unicode char U+1EC5 (decimal 7877)
   defining Unicode char U+1EC6 (decimal 7878)
   defining Unicode char U+1EC7 (decimal 7879)
   defining Unicode char U+1EC8 (decimal 7880)
   defining Unicode char U+1EC9 (decimal 7881)
   defining Unicode char U+1ECA (decimal 7882)
   defining Unicode char U+1ECB (decimal 7883)
   defining Unicode char U+1ECC (decimal 7884)
   defining Unicode char U+1ECD (decimal 7885)
   defining Unicode char U+1ECE (decimal 7886)
   defining Unicode char U+1ECF (decimal 7887)
   defining Unicode char U+1ED0 (decimal 7888)
   defining Unicode char U+1ED1 (decimal 7889)
   defining Unicode char U+1ED2 (decimal 7890)
   defining Unicode char U+1ED3 (decimal 7891)
   defining Unicode char U+1ED4 (decimal 7892)
   defining Unicode char U+1ED5 (decimal 7893)
   defining Unicode char U+1ED6 (decimal 7894)
   defining Unicode char U+1ED7 (decimal 7895)
   defining Unicode char U+1ED8 (decimal 7896)
   defining Unicode char U+1ED9 (decimal 7897)
   defining Unicode char U+1EDA (decimal 7898)
   defining Unicode char U+1EDB (decimal 7899)
   defining Unicode char U+1EDC (decimal 7900)
   defining Unicode char U+1EDD (decimal 7901)
   defining Unicode char U+1EDE (decimal 7902)
   defining Unicode char U+1EDF (decimal 7903)
   defining Unicode char U+1EE0 (decimal 7904)
   defining Unicode char U+1EE1 (decimal 7905)
   defining Unicode char U+1EE2 (decimal 7906)
   defining Unicode char U+1EE3 (decimal 7907)
   defining Unicode char U+1EE4 (decimal 7908)
   defining Unicode char U+1EE5 (decimal 7909)
   defining Unicode char U+1EE6 (decimal 7910)
   defining Unicode char U+1EE7 (decimal 7911)
   defining Unicode char U+1EE8 (decimal 7912)
   defining Unicode char U+1EE9 (decimal 7913)
   defining Unicode char U+1EEA (decimal 7914)
   defining Unicode char U+1EEB (decimal 7915)
   defining Unicode char U+1EEC (decimal 7916)
   defining Unicode char U+1EED (decimal 7917)
   defining Unicode char U+1EEE (decimal 7918)
   defining Unicode char U+1EEF (decimal 7919)
   defining Unicode char U+1EF0 (decimal 7920)
   defining Unicode char U+1EF1 (decimal 7921)
   defining Unicode char U+1EF2 (decimal 7922)
   defining Unicode char U+1EF3 (decimal 7923)
   defining Unicode char U+1EF4 (decimal 7924)
   defining Unicode char U+1EF5 (decimal 7925)
   defining Unicode char U+1EF6 (decimal 7926)
   defining Unicode char U+1EF7 (decimal 7927)
   defining Unicode char U+1EF8 (decimal 7928)
   defining Unicode char U+1EF9 (decimal 7929)
   defining Unicode char U+200C (decimal 8204)
   defining Unicode char U+2013 (decimal 8211)
   defining Unicode char U+2014 (decimal 8212)
   defining Unicode char U+2018 (decimal 8216)
   defining Unicode char U+2019 (decimal 8217)
   defining Unicode char U+201A (decimal 8218)
   defining Unicode char U+201C (decimal 8220)
   defining Unicode char U+201D (decimal 8221)
   defining Unicode char U+201E (decimal 8222)
   defining Unicode char U+2030 (decimal 8240)
   defining Unicode char U+2031 (decimal 8241)
   defining Unicode char U+2039 (decimal 8249)
   defining Unicode char U+203A (decimal 8250)
   defining Unicode char U+2423 (decimal 9251)
))
LaTeX Font Info:    Trying to load font information for T5+cmr on input line 11
2.

(C:\Users\vovan\AppData\Local\Programs\MiKTeX\tex/latex/vntex\t5cmr.fd
File: t5cmr.fd 1999/05/25 v2.5h Standard LaTeX font definitions
))
(C:\Users\vovan\AppData\Local\Programs\MiKTeX\tex/latex/base\inputenc.sty
Package: inputenc 2021/02/14 v1.3d Input encoding file
\inpenc@prehook=\toks16
\inpenc@posthook=\toks17
)
(C:\Users\vovan\AppData\Local\Programs\MiKTeX\tex/latex/vntex\vncaps.tex
File: vncaps.tex 2006/06/07 v1.1 Captions in Vietnamese
))
(C:\Users\vovan\AppData\Local\Programs\MiKTeX\tex/latex/amsmath\amsmath.sty
Package: amsmath 2021/04/20 v2.17j AMS math features
\@mathmargin=\skip49

For additional information on amsmath, use the `?' option.
(C:\Users\vovan\AppData\Local\Programs\MiKTeX\tex/latex/amsmath\amstext.sty
Package: amstext 2000/06/29 v2.01 AMS text

(C:\Users\vovan\AppData\Local\Programs\MiKTeX\tex/latex/amsmath\amsgen.sty
File: amsgen.sty 1999/11/30 v2.0 generic functions
\@emptytoks=\toks18
\ex@=\dimen139
))
(C:\Users\vovan\AppData\Local\Programs\MiKTeX\tex/latex/amsmath\amsbsy.sty
Package: amsbsy 1999/11/29 v1.2d Bold Symbols
\pmbraise@=\dimen140
)
(C:\Users\vovan\AppData\Local\Programs\MiKTeX\tex/latex/amsmath\amsopn.sty
Package: amsopn 2016/03/08 v2.02 operator names
)
\inf@bad=\count191
LaTeX Info: Redefining \frac on input line 234.
\uproot@=\count192
\leftroot@=\count193
LaTeX Info: Redefining \overline on input line 399.
\classnum@=\count194
\DOTSCASE@=\count195
LaTeX Info: Redefining \ldots on input line 496.
LaTeX Info: Redefining \dots on input line 499.
LaTeX Info: Redefining \cdots on input line 620.
\Mathstrutbox@=\box50
\strutbox@=\box51
\big@size=\dimen141
LaTeX Font Info:    Redeclaring font encoding OML on input line 743.
LaTeX Font Info:    Redeclaring font encoding OMS on input line 744.
\macc@depth=\count196
\c@MaxMatrixCols=\count197
\dotsspace@=\muskip16
\c@parentequation=\count198
\dspbrk@lvl=\count199
\tag@help=\toks19
\row@=\count266
\column@=\count267
\maxfields@=\count268
\andhelp@=\toks20
\eqnshift@=\dimen142
\alignsep@=\dimen143
\tagshift@=\dimen144
\tagwidth@=\dimen145
\totwidth@=\dimen146
\lineht@=\dimen147
\@envbody=\toks21
\multlinegap=\skip50
\multlinetaggap=\skip51
\mathdisplay@stack=\toks22
LaTeX Info: Redefining \[ on input line 2923.
LaTeX Info: Redefining \] on input line 2924.
)
(C:\Users\vovan\AppData\Local\Programs\MiKTeX\tex/latex/amsfonts\amsfonts.sty
Package: amsfonts 2013/01/14 v3.01 Basic AMSFonts support
\symAMSa=\mathgroup4
\symAMSb=\mathgroup5
LaTeX Font Info:    Redeclaring math symbol \hbar on input line 98.
LaTeX Font Info:    Overwriting math alphabet `\mathfrak' in version `bold'
(Font)                  U/euf/m/n --> U/euf/b/n on input line 106.
)
(C:\Users\vovan\AppData\Local\Programs\MiKTeX\tex/latex/amsfonts\amssymb.sty
Package: amssymb 2013/01/14 v3.01 AMS font symbols
)
(C:\Users\vovan\AppData\Local\Programs\MiKTeX\tex/latex/graphics\graphicx.sty
Package: graphicx 2020/12/05 v1.2c Enhanced LaTeX Graphics (DPC,SPQR)

(C:\Users\vovan\AppData\Local\Programs\MiKTeX\tex/latex/graphics\keyval.sty
Package: keyval 2014/10/28 v1.15 key=value parser (DPC)
\KV@toks@=\toks23
)
(C:\Users\vovan\AppData\Local\Programs\MiKTeX\tex/latex/graphics\graphics.sty
Package: graphics 2021/03/04 v1.4d Standard LaTeX Graphics (DPC,SPQR)

(C:\Users\vovan\AppData\Local\Programs\MiKTeX\tex/latex/graphics\trig.sty
Package: trig 2016/01/03 v1.10 sin cos tan (DPC)
)
(C:\Users\vovan\AppData\Local\Programs\MiKTeX\tex/latex/graphics-cfg\graphics.c
fg
File: graphics.cfg 2016/06/04 v1.11 sample graphics configuration
)
Package graphics Info: Driver file: pdftex.def on input line 107.

(C:\Users\vovan\AppData\Local\Programs\MiKTeX\tex/latex/graphics-def\pdftex.def
File: pdftex.def 2020/10/05 v1.2a Graphics/color driver for pdftex
))
\Gin@req@height=\dimen148
\Gin@req@width=\dimen149
)
(C:\Users\vovan\AppData\Local\Programs\MiKTeX\tex/latex/geometry\geometry.sty
Package: geometry 2020/01/02 v5.9 Page Geometry

(C:\Users\vovan\AppData\Local\Programs\MiKTeX\tex/generic/iftex\ifvtex.sty
Package: ifvtex 2019/10/25 v1.7 ifvtex legacy package. Use iftex instead.

(C:\Users\vovan\AppData\Local\Programs\MiKTeX\tex/generic/iftex\iftex.sty
Package: iftex 2020/03/06 v1.0d TeX engine tests
))
\Gm@cnth=\count269
\Gm@cntv=\count270
\c@Gm@tempcnt=\count271
\Gm@bindingoffset=\dimen150
\Gm@wd@mp=\dimen151
\Gm@odd@mp=\dimen152
\Gm@even@mp=\dimen153
\Gm@layoutwidth=\dimen154
\Gm@layoutheight=\dimen155
\Gm@layouthoffset=\dimen156
\Gm@layoutvoffset=\dimen157
\Gm@dimlist=\toks24

(C:\Users\vovan\AppData\Local\Programs\MiKTeX\tex/latex/geometry\geometry.cfg))
(C:\Users\vovan\AppData\Local\Programs\MiKTeX\tex/latex/psnfss\mathptmx.sty
Package: mathptmx 2020/03/25 PSNFSS-v9.3 Times w/ Math, improved (SPQR, WaS) 
LaTeX Font Info:    Redeclaring symbol font `operators' on input line 28.
LaTeX Font Info:    Overwriting symbol font `operators' in version `normal'
(Font)                  OT1/cmr/m/n --> OT1/ztmcm/m/n on input line 28.
LaTeX Font Info:    Overwriting symbol font `operators' in version `bold'
(Font)                  OT1/cmr/bx/n --> OT1/ztmcm/m/n on input line 28.
LaTeX Font Info:    Redeclaring symbol font `letters' on input line 29.
LaTeX Font Info:    Overwriting symbol font `letters' in version `normal'
(Font)                  OML/cmm/m/it --> OML/ztmcm/m/it on input line 29.
LaTeX Font Info:    Overwriting symbol font `letters' in version `bold'
(Font)                  OML/cmm/b/it --> OML/ztmcm/m/it on input line 29.
LaTeX Font Info:    Redeclaring symbol font `symbols' on input line 30.
LaTeX Font Info:    Overwriting symbol font `symbols' in version `normal'
(Font)                  OMS/cmsy/m/n --> OMS/ztmcm/m/n on input line 30.
LaTeX Font Info:    Overwriting symbol font `symbols' in version `bold'
(Font)                  OMS/cmsy/b/n --> OMS/ztmcm/m/n on input line 30.
LaTeX Font Info:    Redeclaring symbol font `largesymbols' on input line 31.
LaTeX Font Info:    Overwriting symbol font `largesymbols' in version `normal'
(Font)                  OMX/cmex/m/n --> OMX/ztmcm/m/n on input line 31.
LaTeX Font Info:    Overwriting symbol font `largesymbols' in version `bold'
(Font)                  OMX/cmex/m/n --> OMX/ztmcm/m/n on input line 31.
\symbold=\mathgroup6
\symitalic=\mathgroup7
LaTeX Font Info:    Redeclaring math alphabet \mathbf on input line 34.
LaTeX Font Info:    Overwriting math alphabet `\mathbf' in version `normal'
(Font)                  OT1/cmr/bx/n --> OT1/ptm/bx/n on input line 34.
LaTeX Font Info:    Overwriting math alphabet `\mathbf' in version `bold'
(Font)                  OT1/cmr/bx/n --> OT1/ptm/bx/n on input line 34.
LaTeX Font Info:    Redeclaring math alphabet \mathit on input line 35.
LaTeX Font Info:    Overwriting math alphabet `\mathit' in version `normal'
(Font)                  OT1/cmr/m/it --> OT1/ptm/m/it on input line 35.
LaTeX Font Info:    Overwriting math alphabet `\mathit' in version `bold'
(Font)                  OT1/cmr/bx/it --> OT1/ptm/m/it on input line 35.
LaTeX Info: Redefining \hbar on input line 50.
)
(C:\Users\vovan\AppData\Local\Programs\MiKTeX\tex/latex/koma-script\scrextend.s
ty
Package: scrextend 2021/06/25 v3.34 KOMA-Script package (extend other classes w
ith features of KOMA-Script classes)

(C:\Users\vovan\AppData\Local\Programs\MiKTeX\tex/latex/koma-script\scrkbase.st
y
Package: scrkbase 2021/06/25 v3.34 KOMA-Script package (KOMA-Script-dependent b
asics and keyval usage)

(C:\Users\vovan\AppData\Local\Programs\MiKTeX\tex/latex/koma-script\scrbase.sty
Package: scrbase 2021/06/25 v3.34 KOMA-Script package (KOMA-Script-independent 
basics and keyval usage)

(C:\Users\vovan\AppData\Local\Programs\MiKTeX\tex/latex/koma-script\scrlfile.st
y
Package: scrlfile 2021/06/25 v3.34 KOMA-Script package (file load hooks)

(C:\Users\vovan\AppData\Local\Programs\MiKTeX\tex/latex/koma-script\scrlfile-ho
ok.sty
Package: scrlfile-hook 2021/06/25 v3.34 KOMA-Script package (using LaTeX hooks)


(C:\Users\vovan\AppData\Local\Programs\MiKTeX\tex/latex/koma-script\scrlogo.sty
Package: scrlogo 2021/06/25 v3.34 KOMA-Script package (logo)
)))
Applying: [2021/05/01] Usage of raw or classic option list on input line 252.
Already applied: [0000/00/00] Usage of raw or classic option list on input line
 368.
)))
(C:\Users\vovan\AppData\Local\Programs\MiKTeX\tex/latex/hyperref\hyperref.sty
Package: hyperref 2021-06-05 v7.00l Hypertext links for LaTeX

(C:\Users\vovan\AppData\Local\Programs\MiKTeX\tex/generic/ltxcmds\ltxcmds.sty
Package: ltxcmds 2020-05-10 v1.25 LaTeX kernel commands for general use (HO)
)
(C:\Users\vovan\AppData\Local\Programs\MiKTeX\tex/generic/pdftexcmds\pdftexcmds
.sty
Package: pdftexcmds 2020-06-27 v0.33 Utility functions of pdfTeX for LuaTeX (HO
)

(C:\Users\vovan\AppData\Local\Programs\MiKTeX\tex/generic/infwarerr\infwarerr.s
ty
Package: infwarerr 2019/12/03 v1.5 Providing info/warning/error messages (HO)
)
Package pdftexcmds Info: \pdf@primitive is available.
Package pdftexcmds Info: \pdf@ifprimitive is available.
Package pdftexcmds Info: \pdfdraftmode found.
)
(C:\Users\vovan\AppData\Local\Programs\MiKTeX\tex/generic/kvsetkeys\kvsetkeys.s
ty
Package: kvsetkeys 2019/12/15 v1.18 Key value parser (HO)
)
(C:\Users\vovan\AppData\Local\Programs\MiKTeX\tex/generic/kvdefinekeys\kvdefine
keys.sty
Package: kvdefinekeys 2019-12-19 v1.6 Define keys (HO)
)
(C:\Users\vovan\AppData\Local\Programs\MiKTeX\tex/generic/pdfescape\pdfescape.s
ty
Package: pdfescape 2019/12/09 v1.15 Implements pdfTeX's escape features (HO)
) (C:\Users\vovan\AppData\Local\Programs\MiKTeX\tex/latex/hycolor\hycolor.sty
Package: hycolor 2020-01-27 v1.10 Color options for hyperref/bookmark (HO)
)
(C:\Users\vovan\AppData\Local\Programs\MiKTeX\tex/latex/letltxmacro\letltxmacro
.sty
Package: letltxmacro 2019/12/03 v1.6 Let assignment for LaTeX macros (HO)
)
(C:\Users\vovan\AppData\Local\Programs\MiKTeX\tex/latex/auxhook\auxhook.sty
Package: auxhook 2019-12-17 v1.6 Hooks for auxiliary files (HO)
)
(C:\Users\vovan\AppData\Local\Programs\MiKTeX\tex/latex/kvoptions\kvoptions.sty
Package: kvoptions 2020-10-07 v3.14 Key value format for package options (HO)
)
\@linkdim=\dimen158
\Hy@linkcounter=\count272
\Hy@pagecounter=\count273
 (C:\Users\vovan\AppData\Local\Programs\MiKTeX\tex/latex/hyperref\pd1enc.def
File: pd1enc.def 2021-06-05 v7.00l Hyperref: PDFDocEncoding definition (HO)
Now handling font encoding PD1 ...
... no UTF-8 mapping file for font encoding PD1
)
(C:\Users\vovan\AppData\Local\Programs\MiKTeX\tex/latex/hyperref\hyperref-langp
atches.def
File: hyperref-langpatches.def 2021-06-05 v7.00l Hyperref: patches for babel la
nguages
)
(C:\Users\vovan\AppData\Local\Programs\MiKTeX\tex/generic/intcalc\intcalc.sty
Package: intcalc 2019/12/15 v1.3 Expandable calculations with integers (HO)
)
(C:\Users\vovan\AppData\Local\Programs\MiKTeX\tex/generic/etexcmds\etexcmds.sty
Package: etexcmds 2019/12/15 v1.7 Avoid name clashes with e-TeX commands (HO)
)
\Hy@SavedSpaceFactor=\count274
 (C:\Users\vovan\AppData\Local\Programs\MiKTeX\tex/latex/hyperref\puenc.def
File: puenc.def 2021-06-05 v7.00l Hyperref: PDF Unicode definition (HO)
Now handling font encoding PU ...
... no UTF-8 mapping file for font encoding PU
)
Package hyperref Info: Option `unicode' set `true' on input line 4073.
Package hyperref Info: Hyper figures OFF on input line 4192.
Package hyperref Info: Link nesting OFF on input line 4197.
Package hyperref Info: Hyper index ON on input line 4200.
Package hyperref Info: Plain pages OFF on input line 4207.
Package hyperref Info: Backreferencing OFF on input line 4212.
Package hyperref Info: Implicit mode ON; LaTeX internals redefined.
Package hyperref Info: Bookmarks ON on input line 4445.
\c@Hy@tempcnt=\count275

(C:\Users\vovan\AppData\Local\Programs\MiKTeX\tex/latex/url\url.sty
\Urlmuskip=\muskip17
Package: url 2013/09/16  ver 3.4  Verb mode for urls, etc.
)
LaTeX Info: Redefining \url on input line 4804.
\XeTeXLinkMargin=\dimen159

(C:\Users\vovan\AppData\Local\Programs\MiKTeX\tex/generic/bitset\bitset.sty
Package: bitset 2019/12/09 v1.3 Handle bit-vector datatype (HO)

(C:\Users\vovan\AppData\Local\Programs\MiKTeX\tex/generic/bigintcalc\bigintcalc
.sty
Package: bigintcalc 2019/12/15 v1.5 Expandable calculations on big integers (HO
)
))
\Fld@menulength=\count276
\Field@Width=\dimen160
\Fld@charsize=\dimen161
Package hyperref Info: Hyper figures OFF on input line 6076.
Package hyperref Info: Link nesting OFF on input line 6081.
Package hyperref Info: Hyper index ON on input line 6084.
Package hyperref Info: backreferencing OFF on input line 6091.
Package hyperref Info: Link coloring OFF on input line 6096.
Package hyperref Info: Link coloring with OCG OFF on input line 6101.
Package hyperref Info: PDF/A mode OFF on input line 6106.
LaTeX Info: Redefining \ref on input line 6146.
LaTeX Info: Redefining \pageref on input line 6150.

(C:\Users\vovan\AppData\Local\Programs\MiKTeX\tex/latex/base\atbegshi-ltx.sty
Package: atbegshi-ltx 2021/01/10 v1.0c Emulation of the original atbegshi
package with kernel methods
)
\Hy@abspage=\count277
\c@Item=\count278
\c@Hfootnote=\count279
)
Package hyperref Info: Driver (autodetected): hpdftex.
(C:\Users\vovan\AppData\Local\Programs\MiKTeX\tex/latex/hyperref\hpdftex.def
File: hpdftex.def 2021-06-05 v7.00l Hyperref driver for pdfTeX

(C:\Users\vovan\AppData\Local\Programs\MiKTeX\tex/latex/base\atveryend-ltx.sty
Package: atveryend-ltx 2020/08/19 v1.0a Emulation of the original atvery packag
e
with kernel methods
)
\Fld@listcount=\count280
\c@bookmark@seq@number=\count281

(C:\Users\vovan\AppData\Local\Programs\MiKTeX\tex/latex/rerunfilecheck\rerunfil
echeck.sty
Package: rerunfilecheck 2019/12/05 v1.9 Rerun checks for auxiliary files (HO)

(C:\Users\vovan\AppData\Local\Programs\MiKTeX\tex/generic/uniquecounter\uniquec
ounter.sty
Package: uniquecounter 2019/12/15 v1.4 Provide unlimited unique counter (HO)
)
Package uniquecounter Info: New unique counter `rerunfilecheck' on input line 2
86.
)
\Hy@SectionHShift=\skip52
)
(C:\Users\vovan\AppData\Local\Programs\MiKTeX\tex/latex/tools\indentfirst.sty
Package: indentfirst 1995/11/23 v1.03 Indent first paragraph (DPC)
)
(C:\Users\vovan\AppData\Local\Programs\MiKTeX\tex/latex/sectsty\sectsty.sty
Package: sectsty 2002/02/25 v2.0.2 Commands to change all sectional heading sty
les


LaTeX Warning: Command \underbar  has changed.
               Check if current package is valid.


LaTeX Warning: Command \underline  has changed.
               Check if current package is valid.

) (C:\Users\vovan\AppData\Local\Programs\MiKTeX\tex/latex/wrapfig\wrapfig.sty
\wrapoverhang=\dimen162
\WF@size=\dimen163
\c@WF@wrappedlines=\count282
\WF@box=\box52
\WF@everypar=\toks25
Package: wrapfig 2003/01/31  v 3.6
)
(C:\Users\vovan\AppData\Local\Programs\MiKTeX\tex/latex/float\float.sty
Package: float 2001/11/08 v1.3d Float enhancements (AL)
\c@float@type=\count283
\float@exts=\toks26
\float@box=\box53
\@float@everytoks=\toks27
\@floatcapt=\box54
)
\@float@every@table=\toks28

(C:\Users\vovan\AppData\Local\Programs\MiKTeX\tex/latex/makecell\makecell.sty
Package: makecell 2009/08/03 V0.1e Managing of Tab Column Heads and Cells

(C:\Users\vovan\AppData\Local\Programs\MiKTeX\tex/latex/tools\array.sty
Package: array 2021/04/20 v2.5e Tabular extension package (FMi)
\col@sep=\dimen164
\ar@mcellbox=\box55
\extrarowheight=\dimen165
\NC@list=\toks29
\extratabsurround=\skip53
\backup@length=\skip54
\ar@cellbox=\box56
)
\rotheadsize=\dimen166
\c@nlinenum=\count284
\TeXr@lab=\toks30
)
(C:\Users\vovan\AppData\Local\Programs\MiKTeX\tex/latex/pdfpages\pdfpages.sty
Package: pdfpages 2021/03/06 v0.5t Insert pages of external PDF documents (AM)

(C:\Users\vovan\AppData\Local\Programs\MiKTeX\tex/latex/tools\calc.sty
Package: calc 2017/05/25 v4.3 Infix arithmetic (KKT,FJ)
\calc@Acount=\count285
\calc@Bcount=\count286
\calc@Adimen=\dimen167
\calc@Bdimen=\dimen168
\calc@Askip=\skip55
\calc@Bskip=\skip56
LaTeX Info: Redefining \setlength on input line 80.
LaTeX Info: Redefining \addtolength on input line 81.
\calc@Ccount=\count287
\calc@Cskip=\skip57
)
(C:\Users\vovan\AppData\Local\Programs\MiKTeX\tex/latex/eso-pic\eso-pic.sty
Package: eso-pic 2020/10/14 v3.0a eso-pic (RN)
\ESO@tempdima=\dimen169
\ESO@tempdimb=\dimen170

(C:\Users\vovan\AppData\Local\Programs\MiKTeX\tex/latex/xcolor\xcolor.sty
Package: xcolor 2016/05/11 v2.12 LaTeX color extensions (UK)

(C:\Users\vovan\AppData\Local\Programs\MiKTeX\tex/latex/graphics-cfg\color.cfg
File: color.cfg 2016/01/02 v1.6 sample color configuration
)
Package xcolor Info: Driver file: pdftex.def on input line 225.
Package xcolor Info: Model `cmy' substituted by `cmy0' on input line 1348.
Package xcolor Info: Model `hsb' substituted by `rgb' on input line 1352.
Package xcolor Info: Model `RGB' extended on input line 1364.
Package xcolor Info: Model `HTML' substituted by `rgb' on input line 1366.
Package xcolor Info: Model `Hsb' substituted by `hsb' on input line 1367.
Package xcolor Info: Model `tHsb' substituted by `hsb' on input line 1368.
Package xcolor Info: Model `HSB' substituted by `hsb' on input line 1369.
Package xcolor Info: Model `Gray' substituted by `gray' on input line 1370.
Package xcolor Info: Model `wave' substituted by `hsb' on input line 1371.
))
\AM@pagewidth=\dimen171
\AM@pageheight=\dimen172
\AM@fboxrule=\dimen173

(C:\Users\vovan\AppData\Local\Programs\MiKTeX\tex/latex/pdfpages\pppdftex.def
File: pppdftex.def 2021/03/06 v0.5t Pdfpages driver for pdfTeX (AM)
)
\pdfpages@includegraphics@status=\count288
\AM@pagebox=\box57
\AM@global@opts=\toks31
\AM@pagecnt=\count289
\AM@toc@title=\toks32
\c@AM@survey=\count290
\AM@templatesizebox=\box58
) (C:\Users\vovan\AppData\Local\Programs\MiKTeX\tex/latex/subfig\subfig.sty
Package: subfig 2005/06/28 ver: 1.3 subfig package

(C:\Users\vovan\AppData\Local\Programs\MiKTeX\tex/latex/caption\caption.sty
Package: caption 2020/10/26 v3.5g Customizing captions (AR)

(C:\Users\vovan\AppData\Local\Programs\MiKTeX\tex/latex/caption\caption3.sty
Package: caption3 2020/10/21 v2.2e caption3 kernel (AR)
\captionmargin=\dimen174
\captionmargin@=\dimen175
\captionwidth=\dimen176
\caption@tempdima=\dimen177
\caption@indent=\dimen178
\caption@parindent=\dimen179
\caption@hangindent=\dimen180
Package caption Info: Standard document class detected.
)
\c@caption@flags=\count291
\c@continuedfloat=\count292
Package caption Info: float package is loaded.
Package caption Info: hyperref package is loaded.
Package caption Info: wrapfig package is loaded.
)
\c@KVtest=\count293
\sf@farskip=\skip58
\sf@captopadj=\dimen181
\sf@capskip=\skip59
\sf@nearskip=\skip60
\c@subfigure=\count294
\c@subfigure@save=\count295
\c@lofdepth=\count296
\c@subtable=\count297
\c@subtable@save=\count298
\c@lotdepth=\count299
\sf@top=\skip61
\sf@bottom=\skip62
) (C:\Users\vovan\AppData\Local\Programs\MiKTeX\tex/latex/listings\listings.sty
\lst@mode=\count300
\lst@gtempboxa=\box59
\lst@token=\toks33
\lst@length=\count301
\lst@currlwidth=\dimen182
\lst@column=\count302
\lst@pos=\count303
\lst@lostspace=\dimen183
\lst@width=\dimen184
\lst@newlines=\count304
\lst@lineno=\count305
\lst@maxwidth=\dimen185

(C:\Users\vovan\AppData\Local\Programs\MiKTeX\tex/latex/listings\lstmisc.sty
File: lstmisc.sty 2020/03/24 1.8d (Carsten Heinz)
\c@lstnumber=\count306
\lst@skipnumbers=\count307
\lst@framebox=\box60
)
(C:\Users\vovan\AppData\Local\Programs\MiKTeX\tex/latex/listings\listings.cfg
File: listings.cfg 2020/03/24 1.8d listings configuration
))
Package: listings 2020/03/24 1.8d (Carsten Heinz)
(C:\Users\vovan\AppData\Local\Programs\MiKTeX\tex/latex/listings\lstlang1.sty
File: lstlang1.sty 2020/03/24 1.8d listings language file
)
(C:\Users\vovan\AppData\Local\Programs\MiKTeX\tex/latex/listings\lstlang1.sty
File: lstlang1.sty 2020/03/24 1.8d listings language file
)
(C:\Users\vovan\AppData\Local\Programs\MiKTeX\tex/latex/listings\lstmisc.sty
File: lstmisc.sty 2020/03/24 1.8d (Carsten Heinz)
)
LaTeX Font Info:    Trying to load font information for T5+ptm on input line 58
.

(C:\Users\vovan\AppData\Local\Programs\MiKTeX\tex/latex/vntex\t5ptm.fd
File: t5utm.fd 2005/08/24 Fontinst v1.929 font definitions for T5/ptm.
)
(C:\Users\vovan\AppData\Local\Programs\MiKTeX\tex/latex/l3backend\l3backend-pdf
tex.def
File: l3backend-pdftex.def 2021-05-07 L3 backend support: PDF output (pdfTeX)
\l__color_backend_stack_int=\count308
\l__pdf_internal_box=\box61
) (main.aux (Chapters/Nhiemvu/Nhiemvu.aux)
(Chapters/Loicamon/Loicamon.aux) (Chapters/DMTVT/Danhmuctuviettat.aux)
(Chapters/Chapter2/Chuong2.aux) (Chapters/Chapter3/Chuong3.aux)
(Chapters/Chapter4/Chuong4.aux) (Chapters/Chapter5/Chuong5.aux)
(Chapters/Chapter6/Chuong6.aux) (Chapters/TLTK/Tailieuthamkhao.aux))
\openout1 = `main.aux'.

LaTeX Font Info:    Checking defaults for OML/cmm/m/it on input line 58.
LaTeX Font Info:    ... okay on input line 58.
LaTeX Font Info:    Checking defaults for OMS/cmsy/m/n on input line 58.
LaTeX Font Info:    ... okay on input line 58.
LaTeX Font Info:    Checking defaults for OT1/cmr/m/n on input line 58.
LaTeX Font Info:    ... okay on input line 58.
LaTeX Font Info:    Checking defaults for T1/cmr/m/n on input line 58.
LaTeX Font Info:    ... okay on input line 58.
LaTeX Font Info:    Checking defaults for TS1/cmr/m/n on input line 58.
LaTeX Font Info:    ... okay on input line 58.
LaTeX Font Info:    Checking defaults for OMX/cmex/m/n on input line 58.
LaTeX Font Info:    ... okay on input line 58.
LaTeX Font Info:    Checking defaults for U/cmr/m/n on input line 58.
LaTeX Font Info:    ... okay on input line 58.
LaTeX Font Info:    Checking defaults for T5/cmr/m/n on input line 58.
LaTeX Font Info:    ... okay on input line 58.
LaTeX Font Info:    Checking defaults for PD1/pdf/m/n on input line 58.
LaTeX Font Info:    ... okay on input line 58.
LaTeX Font Info:    Checking defaults for PU/pdf/m/n on input line 58.
LaTeX Font Info:    ... okay on input line 58.

(C:\Users\vovan\AppData\Local\Programs\MiKTeX\tex/context/base/mkii\supp-pdf.mk
ii
[Loading MPS to PDF converter (version 2006.09.02).]
\scratchcounter=\count309
\scratchdimen=\dimen186
\scratchbox=\box62
\nofMPsegments=\count310
\nofMParguments=\count311
\everyMPshowfont=\toks34
\MPscratchCnt=\count312
\MPscratchDim=\dimen187
\MPnumerator=\count313
\makeMPintoPDFobject=\count314
\everyMPtoPDFconversion=\toks35
)
(C:\Users\vovan\AppData\Local\Programs\MiKTeX\tex/latex/epstopdf-pkg\epstopdf-b
ase.sty
Package: epstopdf-base 2020-01-24 v2.11 Base part for package epstopdf
Package epstopdf-base Info: Redefining graphics rule for `.eps' on input line 4
85.

(C:\Users\vovan\AppData\Local\Programs\MiKTeX\tex/latex/00miktex\epstopdf-sys.c
fg
File: epstopdf-sys.cfg 2021/03/18 v2.0 Configuration of epstopdf for MiKTeX
))
*geometry* driver: auto-detecting
*geometry* detected driver: pdftex
*geometry* verbose mode - [ preamble ] result:
* driver: pdftex
* paper: a4paper
* layout: <same size as paper>
* layoutoffset:(h,v)=(0.0pt,0.0pt)
* modes: 
* h-part:(L,W,R)=(99.58464pt, 441.01773pt, 56.9055pt)
* v-part:(T,H,B)=(85.35826pt, 660.10394pt, 99.58464pt)
* \paperwidth=597.50787pt
* \paperheight=845.04684pt
* \textwidth=441.01773pt
* \textheight=660.10394pt
* \oddsidemargin=27.31465pt
* \evensidemargin=27.31465pt
* \topmargin=-23.91173pt
* \headheight=12.0pt
* \headsep=25.0pt
* \topskip=10.0pt
* \footskip=30.0pt
* \marginparwidth=57.0pt
* \marginparsep=11.0pt
* \columnsep=10.0pt
* \skip\footins=11.69997pt plus 5.19942pt minus 2.60054pt
* \hoffset=0.0pt
* \voffset=0.0pt
* \mag=1000
* \@twocolumnfalse
* \@twosidefalse
* \@mparswitchfalse
* \@reversemarginfalse
* (1in=72.27pt=25.4mm, 1cm=28.453pt)

Package hyperref Info: Link coloring OFF on input line 58.
(C:\Users\vovan\AppData\Local\Programs\MiKTeX\tex/latex/hyperref\nameref.sty
Package: nameref 2021-04-02 v2.47 Cross-referencing by name of section

(C:\Users\vovan\AppData\Local\Programs\MiKTeX\tex/latex/refcount\refcount.sty
Package: refcount 2019/12/15 v3.6 Data extraction from label references (HO)
)
(C:\Users\vovan\AppData\Local\Programs\MiKTeX\tex/generic/gettitlestring\gettit
lestring.sty
Package: gettitlestring 2019/12/15 v1.6 Cleanup title references (HO)
)
\c@section@level=\count315
)
LaTeX Info: Redefining \ref on input line 58.
LaTeX Info: Redefining \pageref on input line 58.
LaTeX Info: Redefining \nameref on input line 58.
 (main.out) (main.out)
\@outlinefile=\write3
\openout3 = `main.out'.


(C:\Users\vovan\AppData\Local\Programs\MiKTeX\tex/latex/pdflscape\pdflscape.sty
Package: pdflscape 2019/12/05 v0.12 Display of landscape pages in PDF (HO)
(C:\Users\vovan\AppData\Local\Programs\MiKTeX\tex/latex/graphics\lscape.sty
Package: lscape 2020/05/28 v3.02 Landscape Pages (DPC)
)
Package pdflscape Info: Auto-detected driver: pdftex on input line 81.
)
Package caption Info: Begin \AtBeginDocument code.
Package caption Info: subfig package v1.3 is loaded.
Package caption Info: listings package is loaded.
Package caption Info: End \AtBeginDocument code.
\c@lstlisting=\count316


Package pdfpages Warning: Option `page' is unknow to \includepdf.
(pdfpages)                Did you mean `pages'? (Note the `s'!)
(pdfpages)                OK, I'll proceed as if it were `pages'.



pdfTeX warning: pdflatex (file ./Bia.pdf): PDF inclusion: found PDF version <1.
7>, but at most version <1.5> allowed
<Bia.pdf, id=263, 597.55246pt x 845.07718pt>
File: Bia.pdf Graphic file (type pdf)
<use Bia.pdf>
Package pdftex.def Info: Bia.pdf  used on input line 61.
(pdftex.def)             Requested size: 597.551pt x 845.07512pt.


pdfTeX warning: pdflatex (file ./Bia.pdf): PDF inclusion: found PDF version <1.
7>, but at most version <1.5> allowed
File: Bia.pdf Graphic file (type pdf)
<use Bia.pdf>
Package pdftex.def Info: Bia.pdf  used on input line 61.
(pdftex.def)             Requested size: 597.551pt x 845.07512pt.


pdfTeX warning: pdflatex (file ./Bia.pdf): PDF inclusion: found PDF version <1.
7>, but at most version <1.5> allowed


pdfTeX warning: pdflatex (file ./Bia.pdf): PDF inclusion: found PDF version <1.
7>, but at most version <1.5> allowed
<Bia.pdf, id=266, page=1, 597.55246pt x 845.07718pt>
File: Bia.pdf Graphic file (type pdf)
<use Bia.pdf, page 1>
Package pdftex.def Info: Bia.pdf , page1 used on input line 61.
(pdftex.def)             Requested size: 597.551pt x 845.07512pt.
File: Bia.pdf Graphic file (type pdf)
<use Bia.pdf, page 1>
Package pdftex.def Info: Bia.pdf , page1 used on input line 61.
(pdftex.def)             Requested size: 597.57834pt x 845.1138pt.
File: Bia.pdf Graphic file (type pdf)
<use Bia.pdf, page 1>
Package pdftex.def Info: Bia.pdf , page1 used on input line 61.
(pdftex.def)             Requested size: 597.57834pt x 845.1138pt.
File: Bia.pdf Graphic file (type pdf)
<use Bia.pdf, page 1>
Package pdftex.def Info: Bia.pdf , page1 used on input line 61.
(pdftex.def)             Requested size: 597.57834pt x 845.1138pt.
File: Bia.pdf Graphic file (type pdf)
<use Bia.pdf, page 1>
Package pdftex.def Info: Bia.pdf , page1 used on input line 61.
(pdftex.def)             Requested size: 597.57834pt x 845.1138pt.
[1

 <./Bia.pdf>]

pdfTeX warning: pdflatex (file ./Bia.pdf): PDF inclusion: found PDF version <1.
7>, but at most version <1.5> allowed
<Bia.pdf, id=312, page=2, 597.55246pt x 845.07718pt>
File: Bia.pdf Graphic file (type pdf)
<use Bia.pdf, page 2>
Package pdftex.def Info: Bia.pdf , page2 used on input line 61.
(pdftex.def)             Requested size: 597.57834pt x 845.1138pt.
File: Bia.pdf Graphic file (type pdf)
<use Bia.pdf, page 2>
Package pdftex.def Info: Bia.pdf , page2 used on input line 61.
(pdftex.def)             Requested size: 597.57834pt x 845.1138pt.
File: Bia.pdf Graphic file (type pdf)
<use Bia.pdf, page 2>
Package pdftex.def Info: Bia.pdf , page2 used on input line 61.
(pdftex.def)             Requested size: 597.57834pt x 845.1138pt.
[2 <./Bia.pdf>]
\openout2 = `Chapters/Nhiemvu/Nhiemvu.aux'.

 (Chapters/Nhiemvu/Nhiemvu.tex
LaTeX Font Info:    Calculating math sizes for size <10.83347> on input line 4.

LaTeX Font Info:    Trying to load font information for OT1+ztmcm on input line
 4.

(C:\Users\vovan\AppData\Local\Programs\MiKTeX\tex/latex/psnfss\ot1ztmcm.fd
File: ot1ztmcm.fd 2000/01/03 Fontinst v1.801 font definitions for OT1/ztmcm.
)
LaTeX Font Info:    Trying to load font information for OML+ztmcm on input line
 4.

(C:\Users\vovan\AppData\Local\Programs\MiKTeX\tex/latex/psnfss\omlztmcm.fd
File: omlztmcm.fd 2000/01/03 Fontinst v1.801 font definitions for OML/ztmcm.
)
LaTeX Font Info:    Trying to load font information for OMS+ztmcm on input line
 4.

(C:\Users\vovan\AppData\Local\Programs\MiKTeX\tex/latex/psnfss\omsztmcm.fd
File: omsztmcm.fd 2000/01/03 Fontinst v1.801 font definitions for OMS/ztmcm.
)
LaTeX Font Info:    Trying to load font information for OMX+ztmcm on input line
 4.

(C:\Users\vovan\AppData\Local\Programs\MiKTeX\tex/latex/psnfss\omxztmcm.fd
File: omxztmcm.fd 2000/01/03 Fontinst v1.801 font definitions for OMX/ztmcm.
)
LaTeX Font Info:    Trying to load font information for OT1+ptm on input line 4
.

(C:\Users\vovan\AppData\Local\Programs\MiKTeX\tex/latex/psnfss\ot1ptm.fd
File: ot1ptm.fd 2001/06/04 font definitions for OT1/ptm.
)
LaTeX Font Info:    Font shape `OT1/ptm/bx/n' in size <10.83347> not available
(Font)              Font shape `OT1/ptm/b/n' tried instead on input line 4.
LaTeX Font Info:    Font shape `OT1/ptm/bx/n' in size <8.01682> not available
(Font)              Font shape `OT1/ptm/b/n' tried instead on input line 4.
LaTeX Font Info:    Font shape `OT1/ptm/bx/n' in size <6.50014> not available
(Font)              Font shape `OT1/ptm/b/n' tried instead on input line 4.

Overfull \hbox (24.0pt too wide) in paragraph at lines 4--17
 [][] 
 []

LaTeX Font Info:    Calculating math sizes for size <13> on input line 27.
LaTeX Font Info:    Font shape `OT1/ptm/bx/n' in size <13> not available
(Font)              Font shape `OT1/ptm/b/n' tried instead on input line 27.
LaTeX Font Info:    Font shape `OT1/ptm/bx/n' in size <9.62007> not available
(Font)              Font shape `OT1/ptm/b/n' tried instead on input line 27.
LaTeX Font Info:    Font shape `OT1/ptm/bx/n' in size <7.80008> not available
(Font)              Font shape `OT1/ptm/b/n' tried instead on input line 27.
LaTeX Font Info:    Trying to load font information for TS1+ptm on input line 4
4.
(C:\Users\vovan\AppData\Local\Programs\MiKTeX\tex/latex/psnfss\ts1ptm.fd
File: ts1ptm.fd 2001/06/04 font definitions for TS1/ptm.
))pdfTeX warning (ext4): destination with the same identifier (name{page.i}) ha
s been already used, duplicate ignored
<to be read again> 
                   \relax 
l.63 \include{Chapters/Nhiemvu/Nhiemvu}
                                        [1{C:/Users/vovan/AppData/Local/MiKTeX/
pdftex/config/pdftex.map}

]
\openout2 = `Chapters/Loicamon/Loicamon.aux'.

 (Chapters/Loicamon/Loicamon.tex
Overfull \hbox (24.00003pt too wide) in paragraph at lines 11--17
 [] 
 []

)pdfTeX warning (ext4): destination with the same identifier (name{page.ii}) ha
s been already used, duplicate ignored
<to be read again> 
                   \relax 
l.65 \include{Chapters/Loicamon/Loicamon}
                                          [2




] (main.toc [3



])
\tf@toc=\write4
\openout4 = `main.toc'.

 [4]
\openout2 = `Chapters/DMTVT/Danhmuctuviettat.aux'.


(Chapters/DMTVT/Danhmuctuviettat.tex) [5


] (main.lot)
\tf@lot=\write5
\openout5 = `main.lot'.

 [6



] (main.lof [7

])
\tf@lof=\write6
\openout6 = `main.lof'.


[8]
Ch\uhorn \ohorn ng 1.
(Chapters/Chapter1/Chuong1.tex
<Chapters/Chapter1/Images/Cuongdosangcanthiet.png, id=541, 226.9935pt x 323.901
pt>
File: Chapters/Chapter1/Images/Cuongdosangcanthiet.png Graphic file (type png)
<use Chapters/Chapter1/Images/Cuongdosangcanthiet.png>
Package pdftex.def Info: Chapters/Chapter1/Images/Cuongdosangcanthiet.png  used
 on input line 6.
(pdftex.def)             Requested size: 181.59503pt x 259.12114pt.
<Chapters/Chapter1/Images/Doroi.jpg, id=543, 441.44925pt x 340.27126pt>
File: Chapters/Chapter1/Images/Doroi.jpg Graphic file (type jpg)
<use Chapters/Chapter1/Images/Doroi.jpg>
Package pdftex.def Info: Chapters/Chapter1/Images/Doroi.jpg  used on input line
 18.
(pdftex.def)             Requested size: 441.44815pt x 340.27042pt.
 [1

 <./Chapters/Chapter1/Images/Cuongdosangcanthiet.png>] [2 <./Chapters/Chapter1/
Images/Doroi.jpg>]) [3]
\openout2 = `Chapters/Chapter2/Chuong2.aux'.


(Chapters/Chapter2/Chuong2.tex
Ch\uhorn \ohorn ng 2.
<Chapters/Chapter2/ImagesChapter2/Nhakinhtrongrau.png, id=559, 441.14813pt x 26
0.47313pt>
File: Chapters/Chapter2/ImagesChapter2/Nhakinhtrongrau.png Graphic file (type p
ng)
<use Chapters/Chapter2/ImagesChapter2/Nhakinhtrongrau.png>
Package pdftex.def Info: Chapters/Chapter2/ImagesChapter2/Nhakinhtrongrau.png  
used on input line 9.
(pdftex.def)             Requested size: 397.02965pt x 234.42365pt.
[4


 <./Chapters/Chapter2/ImagesChapter2/Nhakinhtrongrau.png>]
<Chapters/Chapter2/ImagesChapter2/Nhakho.png, id=566, 441.14813pt x 241.65282pt
>
File: Chapters/Chapter2/ImagesChapter2/Nhakho.png Graphic file (type png)
<use Chapters/Chapter2/ImagesChapter2/Nhakho.png>
Package pdftex.def Info: Chapters/Chapter2/ImagesChapter2/Nhakho.png  used on i
nput line 25.
(pdftex.def)             Requested size: 397.02965pt x 217.48552pt.
 [5 <./Chapters/Chapter2/ImagesChapter2/Nhakho.png>]
<Chapters/Chapter2/ImagesChapter2/Lophoc.png, id=573, 441.14813pt x 294.34969pt
>
File: Chapters/Chapter2/ImagesChapter2/Lophoc.png Graphic file (type png)
<use Chapters/Chapter2/ImagesChapter2/Lophoc.png>
Package pdftex.def Info: Chapters/Chapter2/ImagesChapter2/Lophoc.png  used on i
nput line 40.
(pdftex.def)             Requested size: 397.02965pt x 264.91225pt.
 [6 <./Chapters/Chapter2/ImagesChapter2/Lophoc.png>]) [7]
\openout2 = `Chapters/Chapter3/Chuong3.aux'.

 (Chapters/Chapter3/Chuong3.tex
Ch\uhorn \ohorn ng 3.
<Chapters/Chapter3/Images/Khungnhomdinhhinh.png, id=583, 440.5185pt x 254.916pt
>
File: Chapters/Chapter3/Images/Khungnhomdinhhinh.png Graphic file (type png)
<use Chapters/Chapter3/Images/Khungnhomdinhhinh.png>
Package pdftex.def Info: Chapters/Chapter3/Images/Khungnhomdinhhinh.png  used o
n input line 7.
(pdftex.def)             Requested size: 440.51741pt x 254.91536pt.
[8




 <./Chapters/Chapter3/Images/Khungnhomdinhhinh.png>]
<Chapters/Chapter3/Images/Phuongan1.png, id=590, 440.5185pt x 192.8295pt>
File: Chapters/Chapter3/Images/Phuongan1.png Graphic file (type png)
<use Chapters/Chapter3/Images/Phuongan1.png>
Package pdftex.def Info: Chapters/Chapter3/Images/Phuongan1.png  used on input 
line 31.
(pdftex.def)             Requested size: 440.51741pt x 192.82901pt.
<Chapters/Chapter3/Images/Phuongan2.png, id=592, 440.847pt x 268.713pt>
File: Chapters/Chapter3/Images/Phuongan2.png Graphic file (type png)
<use Chapters/Chapter3/Images/Phuongan2.png>
Package pdftex.def Info: Chapters/Chapter3/Images/Phuongan2.png  used on input 
line 43.
(pdftex.def)             Requested size: 440.84592pt x 268.71234pt.
<Chapters/Chapter3/Images/Phuongan3.png, id=594, 426.7215pt x 250.974pt>
File: Chapters/Chapter3/Images/Phuongan3.png Graphic file (type png)
<use Chapters/Chapter3/Images/Phuongan3.png>
Package pdftex.def Info: Chapters/Chapter3/Images/Phuongan3.png  used on input 
line 55.
(pdftex.def)             Requested size: 426.72046pt x 250.97337pt.
 [9 <./Chapters/Chapter3/Images/Phuongan1.png>] [10 <./Chapters/Chapter3/Images
/Phuongan2.png> <./Chapters/Chapter3/Images/Phuongan3.png>]
Underfull \hbox (badness 1297) in paragraph at lines 103--104
[]\T5/ptm/m/n/13 - K½ch th÷îc nhä gån, ti¸t
 []


Underfull \hbox (badness 1430) in paragraph at lines 116--117
\T5/ptm/m/n/13 nh§t cõa lo¤i ëng cì n y
 []

[11]
<Chapters/Chapter3/Images/NEMA17.jpg, id=614, 207.02344pt x 179.16937pt>
File: Chapters/Chapter3/Images/NEMA17.jpg Graphic file (type jpg)
<use Chapters/Chapter3/Images/NEMA17.jpg>
Package pdftex.def Info: Chapters/Chapter3/Images/NEMA17.jpg  used on input lin
e 136.
(pdftex.def)             Requested size: 207.02292pt x 179.16893pt.

Underfull \hbox (badness 10000) in paragraph at lines 146--146
[]|\T5/ptm/m/n/13 ëng cì
 []


Underfull \hbox (badness 10000) in paragraph at lines 146--146
[]|\T5/ptm/m/n/13 K½ch
 []


Underfull \hbox (badness 10000) in paragraph at lines 146--146
\T5/ptm/m/n/13 th÷îc
 []


Underfull \hbox (badness 10000) in paragraph at lines 146--146
\T5/ptm/m/n/13 mo-tor
 []


Underfull \hbox (badness 10000) in paragraph at lines 146--146
[]|\T5/ptm/m/n/13 i»n trð
 []


Underfull \hbox (badness 10000) in paragraph at lines 146--146
[]|\T5/ptm/m/n/13 Moment
 []


Underfull \hbox (badness 10000) in paragraph at lines 146--146
\T5/ptm/m/n/13 xo­n
 []


Underfull \hbox (badness 10000) in paragraph at lines 146--146
[]|\T5/ptm/m/n/13 Moment
 []


Underfull \hbox (badness 1087) in paragraph at lines 146--146
\T5/ptm/m/n/13 qu¡n t½nh
 []


Underfull \hbox (badness 10000) in paragraph at lines 146--147
[]|\T5/ptm/m/n/13 Trång
 []


Underfull \hbox (badness 10000) in paragraph at lines 148--148
[]|\T5/ptm/m/n/13 NEMA
 []


Overfull \hbox (81.94196pt too wide) in paragraph at lines 144--151
 [][] 
 []

[12 <./Chapters/Chapter3/Images/NEMA17.jpg>]
<Chapters/Chapter3/Images/Nhomdinhhinh.png, id=623, 216.81pt x 147.4965pt>
File: Chapters/Chapter3/Images/Nhomdinhhinh.png Graphic file (type png)
<use Chapters/Chapter3/Images/Nhomdinhhinh.png>
Package pdftex.def Info: Chapters/Chapter3/Images/Nhomdinhhinh.png  used on inp
ut line 169.
(pdftex.def)             Requested size: 216.80946pt x 147.49614pt.
<Chapters/Chapter3/Images/Kegocvuong.jpg, id=625, 441.14813pt x 218.31563pt>
File: Chapters/Chapter3/Images/Kegocvuong.jpg Graphic file (type jpg)
<use Chapters/Chapter3/Images/Kegocvuong.jpg>
Package pdftex.def Info: Chapters/Chapter3/Images/Kegocvuong.jpg  used on input
 line 180.
(pdftex.def)             Requested size: 441.14705pt x 218.31508pt.
<Chapters/Chapter3/Images/Goidotruc.jpg, id=627, 440.847pt x 176.3388pt>
File: Chapters/Chapter3/Images/Goidotruc.jpg Graphic file (type jpg)
<use Chapters/Chapter3/Images/Goidotruc.jpg>
Package pdftex.def Info: Chapters/Chapter3/Images/Goidotruc.jpg  used on input 
line 191.
(pdftex.def)             Requested size: 440.84592pt x 176.33836pt.
<Chapters/Chapter3/Images/Kichthuocgoidotruc.jpg, id=628, 441.20834pt x 177.061
5pt>
File: Chapters/Chapter3/Images/Kichthuocgoidotruc.jpg Graphic file (type jpg)
<use Chapters/Chapter3/Images/Kichthuocgoidotruc.jpg>
Package pdftex.def Info: Chapters/Chapter3/Images/Kichthuocgoidotruc.jpg  used 
on input line 200.
(pdftex.def)             Requested size: 441.20724pt x 177.06104pt.
 [13 <./Chapters/Chapter3/Images/Nhomdinhhinh.png> <./Chapters/Chapter3/Images/
Kegocvuong.jpg>] [14 <./Chapters/Chapter3/Images/Goidotruc.jpg> <./Chapters/Cha
pter3/Images/Kichthuocgoidotruc.jpg>]
<Chapters/Chapter3/Images/Contruotvuong.jpg, id=639, 436.63126pt x 270.25969pt>

File: Chapters/Chapter3/Images/Contruotvuong.jpg Graphic file (type jpg)
<use Chapters/Chapter3/Images/Contruotvuong.jpg>
Package pdftex.def Info: Chapters/Chapter3/Images/Contruotvuong.jpg  used on in
put line 211.
(pdftex.def)             Requested size: 436.63019pt x 270.25902pt.
<Chapters/Chapter3/Images/Goidovongbingang.jpg, id=641, 440.64626pt x 175.65625
pt>
File: Chapters/Chapter3/Images/Goidovongbingang.jpg Graphic file (type jpg)
<use Chapters/Chapter3/Images/Goidovongbingang.jpg>
Package pdftex.def Info: Chapters/Chapter3/Images/Goidovongbingang.jpg  used on
 input line 223.
(pdftex.def)             Requested size: 440.64517pt x 175.6558pt.
<Chapters/Chapter3/Images/Puly.jpg, id=643, 176.076pt x 176.4045pt>
File: Chapters/Chapter3/Images/Puly.jpg Graphic file (type jpg)
<use Chapters/Chapter3/Images/Puly.jpg>
Package pdftex.def Info: Chapters/Chapter3/Images/Puly.jpg  used on input line 
234.
(pdftex.def)             Requested size: 123.25235pt x 123.48228pt.
<Chapters/Chapter3/Images/DaiGT2.jpg, id=645, 222.8325pt x 148.30406pt>
File: Chapters/Chapter3/Images/DaiGT2.jpg Graphic file (type jpg)
<use Chapters/Chapter3/Images/DaiGT2.jpg>
Package pdftex.def Info: Chapters/Chapter3/Images/DaiGT2.jpg  used on input lin
e 245.
(pdftex.def)             Requested size: 155.98167pt x 103.81212pt.
 [15 <./Chapters/Chapter3/Images/Contruotvuong.jpg>] [16 <./Chapters/Chapter3/I
mages/Goidovongbingang.jpg> <./Chapters/Chapter3/Images/Puly.jpg> <./Chapters/C
hapter3/Images/DaiGT2.jpg>]
<Chapters/Chapter3/Images/Phonghocmophong.jpg, id=656, 441.14813pt x 306.39468p
t>
File: Chapters/Chapter3/Images/Phonghocmophong.jpg Graphic file (type jpg)
<use Chapters/Chapter3/Images/Phonghocmophong.jpg>
Package pdftex.def Info: Chapters/Chapter3/Images/Phonghocmophong.jpg  used on 
input line 283.
(pdftex.def)             Requested size: 441.14705pt x 306.39394pt.
 [17

] [18 <./Chapters/Chapter3/Images/Phonghocmophong.jpg>]
<Chapters/Chapter3/Images/Led10W.png, id=666, 142.28156pt x 139.27031pt>
File: Chapters/Chapter3/Images/Led10W.png Graphic file (type png)
<use Chapters/Chapter3/Images/Led10W.png>
Package pdftex.def Info: Chapters/Chapter3/Images/Led10W.png  used on input lin
e 317.
(pdftex.def)             Requested size: 142.2812pt x 139.26996pt.
<Chapters/Chapter3/Images/Led5W.png, id=668, 124.21407pt x 115.93312pt>
File: Chapters/Chapter3/Images/Led5W.png Graphic file (type png)
<use Chapters/Chapter3/Images/Led5W.png>
Package pdftex.def Info: Chapters/Chapter3/Images/Led5W.png  used on input line
 330.
(pdftex.def)             Requested size: 124.21375pt x 115.93283pt.
<Chapters/Chapter3/Images/Led3W.png, id=670, 189.70876pt x 190.46156pt>
File: Chapters/Chapter3/Images/Led3W.png Graphic file (type png)
<use Chapters/Chapter3/Images/Led3W.png>
Package pdftex.def Info: Chapters/Chapter3/Images/Led3W.png  used on input line
 343.
(pdftex.def)             Requested size: 189.70828pt x 190.46107pt.
) [19 <./Chapters/Chapter3/Images/Led10W.png>] [20 <./Chapters/Chapter3/Images/
Led5W.png> <./Chapters/Chapter3/Images/Led3W.png>]
\openout2 = `Chapters/Chapter4/Chuong4.aux'.


(Chapters/Chapter4/Chuong4.tex
Ch\uhorn \ohorn ng 4.
<Chapters/Chapter4/Images/Sodokhoidien.png, id=682, 441.14813pt x 46.67438pt>
File: Chapters/Chapter4/Images/Sodokhoidien.png Graphic file (type png)
<use Chapters/Chapter4/Images/Sodokhoidien.png>
Package pdftex.def Info: Chapters/Chapter4/Images/Sodokhoidien.png  used on inp
ut line 9.
(pdftex.def)             Requested size: 441.14705pt x 46.67424pt.
<Chapters/Chapter4/Images/Nguontoong.jpg, id=683, 211.54031pt x 149.8097pt>
File: Chapters/Chapter4/Images/Nguontoong.jpg Graphic file (type jpg)
<use Chapters/Chapter4/Images/Nguontoong.jpg>
Package pdftex.def Info: Chapters/Chapter4/Images/Nguontoong.jpg  used on input
 line 22.
(pdftex.def)             Requested size: 211.53978pt x 149.80931pt.
[21




 <./Chapters/Chapter4/Images/Sodokhoidien.png>] [22 <./Chapters/Chapter4/Images
/Nguontoong.jpg>]
<Chapters/Chapter4/Images/Cautaodongcobuoc.jpg, id=695, 396.48125pt x 137.51375
pt>
File: Chapters/Chapter4/Images/Cautaodongcobuoc.jpg Graphic file (type jpg)
<use Chapters/Chapter4/Images/Cautaodongcobuoc.jpg>
Package pdftex.def Info: Chapters/Chapter4/Images/Cautaodongcobuoc.jpg  used on
 input line 71.
(pdftex.def)             Requested size: 396.48027pt x 137.51341pt.
<Chapters/Chapter4/Images/DriverTB6600.jpg, id=696, 264.23718pt x 185.19188pt>
File: Chapters/Chapter4/Images/DriverTB6600.jpg Graphic file (type jpg)
<use Chapters/Chapter4/Images/DriverTB6600.jpg>
Package pdftex.def Info: Chapters/Chapter4/Images/DriverTB6600.jpg  used on inp
ut line 81.
(pdftex.def)             Requested size: 264.61333pt x 185.4655pt.
<Chapters/Chapter4/Images/DriverA4988.jpg, id=697, 184.617pt x 184.2885pt>
File: Chapters/Chapter4/Images/DriverA4988.jpg Graphic file (type jpg)
<use Chapters/Chapter4/Images/DriverA4988.jpg>
Package pdftex.def Info: Chapters/Chapter4/Images/DriverA4988.jpg  used on inpu
t line 83.
(pdftex.def)             Requested size: 176.40439pt x 176.09663pt.
 [23 <./Chapters/Chapter4/Images/Cautaodongcobuoc.jpg> <./Chapters/Chapter4/Ima
ges/DriverTB6600.jpg> <./Chapters/Chapter4/Images/DriverA4988.jpg>]
<Chapters/Chapter4/Images/L298N.png, id=705, 213.79875pt x 179.16937pt>
File: Chapters/Chapter4/Images/L298N.png Graphic file (type png)
<use Chapters/Chapter4/Images/L298N.png>
Package pdftex.def Info: Chapters/Chapter4/Images/L298N.png  used on input line
 144.
(pdftex.def)             Requested size: 213.79822pt x 179.16893pt.
 [24] [25 <./Chapters/Chapter4/Images/L298N.png>]
<Chapters/Chapter4/Images/STM32F4.jpg, id=715, 224.33812pt x 168.63pt>
File: Chapters/Chapter4/Images/STM32F4.jpg Graphic file (type jpg)
<use Chapters/Chapter4/Images/STM32F4.jpg>
Package pdftex.def Info: Chapters/Chapter4/Images/STM32F4.jpg  used on input li
ne 184.
(pdftex.def)             Requested size: 224.33757pt x 168.62958pt.
 [26 <./Chapters/Chapter4/Images/STM32F4.jpg>]
<Chapters/Chapter4/Images/TCA.png, id=720, 182.18062pt x 170.13562pt>
File: Chapters/Chapter4/Images/TCA.png Graphic file (type png)
<use Chapters/Chapter4/Images/TCA.png>
Package pdftex.def Info: Chapters/Chapter4/Images/TCA.png  used on input line 2
01.
(pdftex.def)             Requested size: 182.18016pt x 170.1352pt.
<Chapters/Chapter4/Images/PCA.png, id=721, 166.37157pt x 153.57375pt>
File: Chapters/Chapter4/Images/PCA.png Graphic file (type png)
<use Chapters/Chapter4/Images/PCA.png>
Package pdftex.def Info: Chapters/Chapter4/Images/PCA.png  used on input line 2
10.
(pdftex.def)             Requested size: 166.37114pt x 153.57336pt.
 [27 <./Chapters/Chapter4/Images/TCA.png> <./Chapters/Chapter4/Images/PCA.png>]
<Chapters/Chapter4/Images/Led3W.png, id=729, 167.12437pt x 146.04562pt>
File: Chapters/Chapter4/Images/Led3W.png Graphic file (type png)
<use Chapters/Chapter4/Images/Led3W.png>
Package pdftex.def Info: Chapters/Chapter4/Images/Led3W.png  used on input line
 229.
(pdftex.def)             Requested size: 167.12395pt x 146.04524pt.
<Chapters/Chapter4/Images/Cambien.png, id=730, 218.31563pt x 160.34906pt>
File: Chapters/Chapter4/Images/Cambien.png Graphic file (type png)
<use Chapters/Chapter4/Images/Cambien.png>
Package pdftex.def Info: Chapters/Chapter4/Images/Cambien.png  used on input li
ne 245.
(pdftex.def)             Requested size: 218.31508pt x 160.34866pt.
 [28 <./Chapters/Chapter4/Images/Led3W.png>]
<Chapters/Chapter4/Images/Sodonguyenlytongquat.png, id=738, 441.14813pt x 291.3
3844pt>
File: Chapters/Chapter4/Images/Sodonguyenlytongquat.png Graphic file (type png)

<use Chapters/Chapter4/Images/Sodonguyenlytongquat.png>
Package pdftex.def Info: Chapters/Chapter4/Images/Sodonguyenlytongquat.png  use
d on input line 268.
(pdftex.def)             Requested size: 441.14705pt x 291.33772pt.
<Chapters/Chapter4/Images/Sodoketnoithucte.png, id=739, 353.06906pt x 627.84563
pt>
File: Chapters/Chapter4/Images/Sodoketnoithucte.png Graphic file (type png)
<use Chapters/Chapter4/Images/Sodoketnoithucte.png>
Package pdftex.def Info: Chapters/Chapter4/Images/Sodoketnoithucte.png  used on
 input line 274.
(pdftex.def)             Requested size: 353.06819pt x 627.84409pt.
<Chapters/Chapter4/Images/DenL298N.png, id=742, 441.14813pt x 241.65282pt>
File: Chapters/Chapter4/Images/DenL298N.png Graphic file (type png)
<use Chapters/Chapter4/Images/DenL298N.png>
Package pdftex.def Info: Chapters/Chapter4/Images/DenL298N.png  used on input l
ine 285.
(pdftex.def)             Requested size: 441.14705pt x 241.65222pt.
<Chapters/Chapter4/Images/RealDenL298N.png, id=743, 441.14813pt x 156.585pt>
File: Chapters/Chapter4/Images/RealDenL298N.png Graphic file (type png)
<use Chapters/Chapter4/Images/RealDenL298N.png>
Package pdftex.def Info: Chapters/Chapter4/Images/RealDenL298N.png  used on inp
ut line 291.
(pdftex.def)             Requested size: 441.14705pt x 156.58461pt.
<Chapters/Chapter4/Images/DriverDongco.png, id=746, 429.85594pt x 251.43938pt>
File: Chapters/Chapter4/Images/DriverDongco.png Graphic file (type png)
<use Chapters/Chapter4/Images/DriverDongco.png>
Package pdftex.def Info: Chapters/Chapter4/Images/DriverDongco.png  used on inp
ut line 303.
(pdftex.def)             Requested size: 429.85489pt x 251.43875pt.
<Chapters/Chapter4/Images/RealDriverDongco.png, id=747, 398.99063pt x 250.68657
pt>
File: Chapters/Chapter4/Images/RealDriverDongco.png Graphic file (type png)
<use Chapters/Chapter4/Images/RealDriverDongco.png>
Package pdftex.def Info: Chapters/Chapter4/Images/RealDriverDongco.png  used on
 input line 309.
(pdftex.def)             Requested size: 398.98965pt x 250.68594pt.
) [29 <./Chapters/Chapter4/Images/Cambien.png>] [30 <./Chapters/Chapter4/Images
/Sodonguyenlytongquat.png>] [31 <./Chapters/Chapter4/Images/Sodoketnoithucte.pn
g>]
[32 <./Chapters/Chapter4/Images/DenL298N.png> <./Chapters/Chapter4/Images/RealD
enL298N.png>] [33 <./Chapters/Chapter4/Images/DriverDongco.png> <./Chapters/Cha
pter4/Images/RealDriverDongco.png>]
\openout2 = `Chapters/Chapter5/Chuong5.aux'.

 (Chapters/Chapter5/Chuong5.tex
Ch\uhorn \ohorn ng 5.
<Chapters/Chapter5/Images/Sodokhoihethong.png, id=776, 314.67563pt x 366.61969p
t>
File: Chapters/Chapter5/Images/Sodokhoihethong.png Graphic file (type png)
<use Chapters/Chapter5/Images/Sodokhoihethong.png>
Package pdftex.def Info: Chapters/Chapter5/Images/Sodokhoihethong.png  used on 
input line 6.
(pdftex.def)             Requested size: 314.67485pt x 366.61879pt.
[34




 <./Chapters/Chapter5/Images/Sodokhoihethong.png>]
<Chapters/Chapter5/Images/Khoidieukhientrungtam.png, id=782, 284.56313pt x 148.
30406pt>
File: Chapters/Chapter5/Images/Khoidieukhientrungtam.png Graphic file (type png
)
<use Chapters/Chapter5/Images/Khoidieukhientrungtam.png>
Package pdftex.def Info: Chapters/Chapter5/Images/Khoidieukhientrungtam.png  us
ed on input line 19.
(pdftex.def)             Requested size: 284.56242pt x 148.30368pt.
<Chapters/Chapter5/Images/KhoiSensor.png, id=783, 437.38406pt x 200.24812pt>
File: Chapters/Chapter5/Images/KhoiSensor.png Graphic file (type png)
<use Chapters/Chapter5/Images/KhoiSensor.png>
Package pdftex.def Info: Chapters/Chapter5/Images/KhoiSensor.png  used on input
 line 27.
(pdftex.def)             Requested size: 437.38298pt x 200.24763pt.
 [35 <./Chapters/Chapter5/Images/Khoidieukhientrungtam.png> <./Chapters/Chapter
5/Images/KhoiSensor.png>]
<Chapters/Chapter5/Images/Khoidieukhienlocation.png, id=790, 286.06876pt x 264.
23718pt>
File: Chapters/Chapter5/Images/Khoidieukhienlocation.png Graphic file (type png
)
<use Chapters/Chapter5/Images/Khoidieukhienlocation.png>
Package pdftex.def Info: Chapters/Chapter5/Images/Khoidieukhienlocation.png  us
ed on input line 39.
(pdftex.def)             Requested size: 286.06805pt x 264.23653pt.
<Chapters/Chapter5/Images/KhoidieukhienLED.png, id=791, 399.74344pt x 341.02406
pt>
File: Chapters/Chapter5/Images/KhoidieukhienLED.png Graphic file (type png)
<use Chapters/Chapter5/Images/KhoidieukhienLED.png>
Package pdftex.def Info: Chapters/Chapter5/Images/KhoidieukhienLED.png  used on
 input line 51.
(pdftex.def)             Requested size: 399.74245pt x 341.02322pt.

[36 <./Chapters/Chapter5/Images/Khoidieukhienlocation.png>] [37 <./Chapters/Cha
pter5/Images/KhoidieukhienLED.png>]
<Chapters/Chapter5/Images/Luudogiaithuatmain.png, id=802, 306.39468pt x 502.878
75pt>
File: Chapters/Chapter5/Images/Luudogiaithuatmain.png Graphic file (type png)
<use Chapters/Chapter5/Images/Luudogiaithuatmain.png>
Package pdftex.def Info: Chapters/Chapter5/Images/Luudogiaithuatmain.png  used 
on input line 66.
(pdftex.def)             Requested size: 306.39394pt x 502.87752pt.
<Chapters/Chapter5/Images/Luudogiaithuatinterrupt.png, id=803, 168.63pt x 256.7
0906pt>
File: Chapters/Chapter5/Images/Luudogiaithuatinterrupt.png Graphic file (type p
ng)
<use Chapters/Chapter5/Images/Luudogiaithuatinterrupt.png>
Package pdftex.def Info: Chapters/Chapter5/Images/Luudogiaithuatinterrupt.png  
used on input line 72.
(pdftex.def)             Requested size: 168.62958pt x 256.70842pt.
 [38

 <./Chapters/Chapter5/Images/Luudogiaithuatmain.png>]
<Chapters/Chapter5/Images/AddressTCA.png, id=809, 218.31563pt x 112.16907pt>
File: Chapters/Chapter5/Images/AddressTCA.png Graphic file (type png)
<use Chapters/Chapter5/Images/AddressTCA.png>
Package pdftex.def Info: Chapters/Chapter5/Images/AddressTCA.png  used on input
 line 87.
(pdftex.def)             Requested size: 218.31508pt x 112.16878pt.
 [39 <./Chapters/Chapter5/Images/Luudogiaithuatinterrupt.png> <./Chapters/Chapt
er5/Images/AddressTCA.png>]
<Chapters/Chapter5/Images/SendDataTCA.png, id=818, 455.45157pt x 121.20282pt>
File: Chapters/Chapter5/Images/SendDataTCA.png Graphic file (type png)
<use Chapters/Chapter5/Images/SendDataTCA.png>
Package pdftex.def Info: Chapters/Chapter5/Images/SendDataTCA.png  used on inpu
t line 97.
(pdftex.def)             Requested size: 409.90262pt x 109.08151pt.
<Chapters/Chapter5/Images/ReadDataTCA.png, id=819, 455.45157pt x 111.41624pt>
File: Chapters/Chapter5/Images/ReadDataTCA.png Graphic file (type png)
<use Chapters/Chapter5/Images/ReadDataTCA.png>
Package pdftex.def Info: Chapters/Chapter5/Images/ReadDataTCA.png  used on inpu
t line 105.
(pdftex.def)             Requested size: 409.90262pt x 100.27368pt.
<Chapters/Chapter5/Images/ControlRegisterTCA.png, id=820, 400.49625pt x 208.529
07pt>
File: Chapters/Chapter5/Images/ControlRegisterTCA.png Graphic file (type png)
<use Chapters/Chapter5/Images/ControlRegisterTCA.png>
Package pdftex.def Info: Chapters/Chapter5/Images/ControlRegisterTCA.png  used 
on input line 113.
(pdftex.def)             Requested size: 400.49527pt x 208.52855pt.
 [40 <./Chapters/Chapter5/Images/SendDataTCA.png> <./Chapters/Chapter5/Images/R
eadDataTCA.png> <./Chapters/Chapter5/Images/ControlRegisterTCA.png>]
LaTeX Font Info:    Trying to load font information for T5+cmtt on input line 1
19.

(C:\Users\vovan\AppData\Local\Programs\MiKTeX\tex/latex/vntex\t5cmtt.fd
File: t5cmtt.fd 1999/05/25 v2.5h Standard LaTeX font definitions
)
[41] [42] [43]
<Chapters/Chapter5/Images/SendDataGY30.png, id=937, 455.45157pt x 52.69687pt>
File: Chapters/Chapter5/Images/SendDataGY30.png Graphic file (type png)
<use Chapters/Chapter5/Images/SendDataGY30.png>
Package pdftex.def Info: Chapters/Chapter5/Images/SendDataGY30.png  used on inp
ut line 229.
(pdftex.def)             Requested size: 409.90262pt x 47.42673pt.
<Chapters/Chapter5/Images/ReadDataGY30.png, id=938, 455.45157pt x 116.68594pt>
File: Chapters/Chapter5/Images/ReadDataGY30.png Graphic file (type png)
<use Chapters/Chapter5/Images/ReadDataGY30.png>
Package pdftex.def Info: Chapters/Chapter5/Images/ReadDataGY30.png  used on inp
ut line 237.
(pdftex.def)             Requested size: 409.90262pt x 105.01636pt.
<Chapters/Chapter5/Images/OpecodeGY30.png, id=939, 455.45157pt x 283.0575pt>
File: Chapters/Chapter5/Images/OpecodeGY30.png Graphic file (type png)
<use Chapters/Chapter5/Images/OpecodeGY30.png>
Package pdftex.def Info: Chapters/Chapter5/Images/OpecodeGY30.png  used on inpu
t line 245.
(pdftex.def)             Requested size: 409.90262pt x 254.74937pt.
 [44

 <./Chapters/Chapter5/Images/SendDataGY30.png> <./Chapters/Chapter5/Images/Read
DataGY30.png>] [45 <./Chapters/Chapter5/Images/OpecodeGY30.png>] [46] [47] [48]
 [49] [50] [51] [52] [53] [54] [55]
<Chapters/Chapter5/Images/AddressPCA.png, id=1417, 226.59656pt x 91.84312pt>
File: Chapters/Chapter5/Images/AddressPCA.png Graphic file (type png)
<use Chapters/Chapter5/Images/AddressPCA.png>
Package pdftex.def Info: Chapters/Chapter5/Images/AddressPCA.png  used on input
 line 736.
(pdftex.def)             Requested size: 226.596pt x 91.84288pt.
 [56]
<Chapters/Chapter5/Images/SendDataPCA.png, id=1455, 455.45157pt x 97.86563pt>
File: Chapters/Chapter5/Images/SendDataPCA.png Graphic file (type png)
<use Chapters/Chapter5/Images/SendDataPCA.png>
Package pdftex.def Info: Chapters/Chapter5/Images/SendDataPCA.png  used on inpu
t line 773.
(pdftex.def)             Requested size: 409.90262pt x 88.07823pt.
 [57 <./Chapters/Chapter5/Images/AddressPCA.png> <./Chapters/Chapter5/Images/Se
ndDataPCA.png>]
[58] [59] [60] [61] [62] [63] [64] [65]
Overfull \hbox (8.14694pt too wide) in paragraph at lines 1114--1115
[][][][][][][][][][][][][][][][][][][][][][][][][][][][][][][][][][][][][][][][
][][][][][][][][][][]  
 []

[66] [67] [68] [69] [70]
Overfull \hbox (8.61752pt too wide) in paragraph at lines 1256--1258
[][][][][][][][][][][][]  
 []

[71] [72] [73] [74] [75] [76]
<Chapters/Chapter5/Images/GUI.png, id=2201, 453.94594pt x 411.03563pt>
File: Chapters/Chapter5/Images/GUI.png Graphic file (type png)
<use Chapters/Chapter5/Images/GUI.png>
Package pdftex.def Info: Chapters/Chapter5/Images/GUI.png  used on input line 1
486.
(pdftex.def)             Requested size: 408.54756pt x 369.92865pt.
 [77 <./Chapters/Chapter5/Images/GUI.png>])
[78]
\openout2 = `Chapters/Chapter6/Chuong6.aux'.

 (Chapters/Chapter6/Chuong6.tex
Ch\uhorn \ohorn ng 6.

Package hyperref Warning: Token not allowed in a PDF string (Unicode):
(hyperref)                removing `\\' on input line 1.

[79




]) [80]
\openout2 = `Chapters/TLTK/Tailieuthamkhao.aux'.

 (Chapters/TLTK/Tailieuthamkhao.tex) [81




] (main.aux
(Chapters/Nhiemvu/Nhiemvu.aux) (Chapters/Loicamon/Loicamon.aux)
(Chapters/DMTVT/Danhmuctuviettat.aux) (Chapters/Chapter2/Chuong2.aux)
(Chapters/Chapter3/Chuong3.aux) (Chapters/Chapter4/Chuong4.aux)
(Chapters/Chapter5/Chuong5.aux) (Chapters/Chapter6/Chuong6.aux)
(Chapters/TLTK/Tailieuthamkhao.aux))
Package rerunfilecheck Info: File `main.out' has not changed.
(rerunfilecheck)             Checksum: A4392B76260F782BF97E057BBAC5F47A;13563.
 ) 
Here is how much of TeX's memory you used:
 19188 strings out of 478864
 307541 string characters out of 2848660
 912587 words of memory out of 3000000
 35242 multiletter control sequences out of 15000+600000
 471521 words of font info for 110 fonts, out of 8000000 for 9000
 1141 hyphenation exceptions out of 8191
 108i,17n,108p,1313b,1932s stack positions out of 5000i,500n,10000p,200000b,80000s
{C:/Users/vovan/AppData/Local/Programs/MiKTeX/fonts/enc/dvips/vntex/t5.enc}{C
:/Users/vovan/AppData/Local/Programs/MiKTeX/fonts/enc/dvips/base/8r.enc}<C:/Use
rs/vovan/AppData/Local/Programs/MiKTeX/fonts/type1/public/amsfonts/cm/cmmi10.pf
b><C:/Users/vovan/AppData/Local/Programs/MiKTeX/fonts/type1/public/amsfonts/cm/
cmr10.pfb><C:/Users/vovan/AppData/Local/Programs/MiKTeX/fonts/type1/public/amsf
onts/cm/cmsy10.pfb><C:/Users/vovan/AppData/Local/Programs/MiKTeX/fonts/type1/ur
w/symbol/usyr.pfb><C:/Users/vovan/AppData/Local/Programs/MiKTeX/fonts/type1/vnt
ex/urwvn/utmb8v.pfb><C:/Users/vovan/AppData/Local/Programs/MiKTeX/fonts/type1/v
ntex/urwvn/utmbi8v.pfb><C:/Users/vovan/AppData/Local/Programs/MiKTeX/fonts/type
1/urw/times/utmr8a.pfb><C:/Users/vovan/AppData/Local/Programs/MiKTeX/fonts/type
1/vntex/urwvn/utmr8v.pfb><C:/Users/vovan/AppData/Local/Programs/MiKTeX/fonts/ty
pe1/urw/times/utmri8a.pfb><C:/Users/vovan/AppData/Local/Programs/MiKTeX/fonts/t
ype1/vntex/urwvn/utmri8v.pfb><C:/Users/vovan/AppData/Local/Programs/MiKTeX/font
s/type1/vntex/vnr/vntt12.pfb>
Output written on main.pdf (91 pages, 7802087 bytes).
PDF statistics:
 2576 PDF objects out of 2984 (max. 8388607)
 1438 named destinations out of 1440 (max. 500000)
 826 words of extra memory for PDF output out of 10000 (max. 10000000)

