\BOOKMARK [1][-]{section*.1}{\376\377\000N\000H\000I\036\306\000M\000\040\000V\036\344\000\040\001\020\036\322\000\040\000\301\000N\000\040\000M\000\324\000N\000\040\000H\036\314\000C\000\040\000H\036\306\000\040\000T\000H\036\320\000N\000G\000\040\000C\001\240\000\040\001\020\000I\036\306\000N\000\040\000T\036\354}{}% 1
\BOOKMARK [1][-]{chapter*.2}{\376\377\000L\036\334\000I\000\040\000C\036\242\000M\000\040\001\240\000N}{}% 2
\BOOKMARK [1][-]{chapter*.4}{\376\377\000D\000A\000N\000H\000\040\000M\036\344\000C\000\040\000T\036\352\000\040\000V\000I\036\276\000T\000\040\000T\036\256\000T}{}% 3
\BOOKMARK [1][-]{chapter*.5}{\376\377\000D\000A\000N\000H\000\040\000S\000\301\000C\000H\000\040\000B\036\242\000N\000G}{}% 4
\BOOKMARK [1][-]{chapter*.6}{\376\377\000D\000A\000N\000H\000\040\000S\000\301\000C\000H\000\040\000H\000\314\000N\000H\000\040\000V\036\274}{}% 5
\BOOKMARK [0][-]{chapter.1}{\376\377\000G\000I\036\332\000I\000\040\000T\000H\000I\036\306\000U}{}% 6
\BOOKMARK [1][-]{section.1.1}{\376\377\000L\000\375\000\040\000d\000o\000\040\000c\000h\036\315\000n\000\040\001\021\036\301\000\040\000t\000\340\000i}{chapter.1}% 7
\BOOKMARK [1][-]{section.1.2}{\376\377\001\020\036\321\000i\000\040\000t\001\260\036\343\000n\000g\000\040\000n\000g\000h\000i\000\352\000n\000\040\000c\036\351\000u}{chapter.1}% 8
\BOOKMARK [1][-]{section.1.3}{\376\377\000M\036\345\000c\000\040\000t\000i\000\352\000u\000\040\000n\000g\000h\000i\000\352\000n\000\040\000c\036\351\000u}{chapter.1}% 9
\BOOKMARK [1][-]{section.1.4}{\376\377\000G\000i\036\333\000i\000\040\000h\036\241\000n\000\040\001\021\036\301\000\040\000t\000\340\000i}{chapter.1}% 10
\BOOKMARK [1][-]{section.1.5}{\376\377\000P\000h\001\260\001\241\000n\000g\000\040\000p\000h\000\341\000p\000\040\000n\000g\000h\000i\000\352\000n\000\040\000c\036\351\000u}{chapter.1}% 11
\BOOKMARK [1][-]{section.1.6}{\376\377\000P\000h\001\260\001\241\000n\000g\000\040\000p\000h\000\341\000p\000\040\000t\000h\000i\036\277\000t\000\040\000k\036\277\000\040\000c\000h\000u\000n\000g}{chapter.1}% 12
\BOOKMARK [0][-]{chapter.2}{\376\377\000T\036\324\000N\000G\000\040\000Q\000U\000A\000N}{}% 13
\BOOKMARK [1][-]{section.2.1}{\376\377\000C\000\341\000c\000\040\000n\000g\000h\000i\000\352\000n\000\040\000c\036\351\000u\000\040\000c\000\363\000\040\000l\000i\000\352\000n\000\040\000q\000u\000a\000n\000\040\000n\000g\000o\000\340\000i\000\040\000n\001\260\036\333\000c}{chapter.2}% 14
\BOOKMARK [1][-]{section.2.2}{\376\377\000C\000\341\000c\000\040\000n\000g\000h\000i\000\352\000n\000\040\000c\036\351\000u\000\040\000c\000\363\000\040\000l\000i\000\352\000n\000\040\000q\000u\000a\000n\000\040\000t\000r\000o\000n\000g\000\040\000n\001\260\036\333\000c}{chapter.2}% 15
\BOOKMARK [1][-]{section.2.3}{\376\377\000H\001\260\036\333\000n\000g\000\040\000n\000g\000h\000i\000\352\000n\000\040\000c\036\351\000u\000\040\000v\000\340\000\040\000p\000h\000\341\000t\000\040\000t\000r\000i\036\303\000n}{chapter.2}% 16
\BOOKMARK [0][-]{chapter.3}{\376\377\000P\000H\000\302\000N\000\040\000T\000\315\000C\000H\000\040\001\020\036\300\000\040\000T\000\300\000I\000\040\000V\000\300\000\040\000P\000H\001\257\001\240\000N\000G\000\040\000\301\000N\000\040\000T\000H\000I\036\276\000T\000\040\000K\036\276}{}% 17
\BOOKMARK [1][-]{section.3.1}{\376\377\000T\000h\000\364\000n\000g\000\040\000s\036\321\000\040\000t\000h\000i\036\277\000t\000\040\000k\036\277}{chapter.3}% 18
\BOOKMARK [1][-]{section.3.2}{\376\377\000P\000h\001\260\001\241\000n\000g\000\040\000h\001\260\036\333\000n\000g\000\040\000v\000\340\000\040\000g\000i\036\243\000i\000\040\000p\000h\000\341\000p\000\040\000t\000h\036\361\000c\000\040\000h\000i\036\307\000n}{chapter.3}% 19
\BOOKMARK [2][-]{subsection.3.2.1}{\376\377\000P\000h\001\260\001\241\000n\000g\000\040\000\341\000n\000\040\0001}{section.3.2}% 20
\BOOKMARK [2][-]{subsection.3.2.2}{\376\377\000P\000h\001\260\001\241\000n\000g\000\040\000\341\000n\000\040\0002}{section.3.2}% 21
\BOOKMARK [2][-]{subsection.3.2.3}{\376\377\000P\000h\001\260\001\241\000n\000g\000\040\000\341\000n\000\040\0003}{section.3.2}% 22
\BOOKMARK [2][-]{subsection.3.2.4}{\376\377\000L\036\361\000a\000\040\000c\000h\036\315\000n\000\040\000p\000h\001\260\001\241\000n\000g\000\040\000\341\000n\000\040\000t\036\321\000i\000\040\001\260\000u\000:}{section.3.2}% 23
\BOOKMARK [1][-]{section.3.3}{\376\377\000C\000h\036\315\000n\000\040\001\021\036\331\000n\000g\000\040\000c\001\241}{chapter.3}% 24
\BOOKMARK [1][-]{section.3.4}{\376\377\000L\036\361\000a\000\040\000c\000h\036\315\000n\000\040\000c\000\341\000c\000\040\000c\000h\000i\000\040\000t\000i\036\277\000t\000\040\000c\000h\000o\000\040\000m\000\364\000\040\000h\000\354\000n\000h}{chapter.3}% 25
\BOOKMARK [1][-]{section.3.5}{\376\377\000T\000\355\000n\000h\000\040\000t\000o\000\341\000n\000\040\000l\036\361\000a\000\040\000c\000h\036\315\000n\000\040\001\021\000\350\000n}{chapter.3}% 26
\BOOKMARK [2][-]{subsection.3.5.1}{\376\377\000C\000h\036\315\000n\000\040\001\021\036\331\000\040\000r\036\315\000i}{section.3.5}% 27
\BOOKMARK [2][-]{subsection.3.5.2}{\376\377\000C\000h\036\315\000n\000\040\000l\000o\036\241\000i\000\040\001\021\000\350\000n}{section.3.5}% 28
\BOOKMARK [2][-]{subsection.3.5.3}{\376\377\000C\000h\036\315\000n\000\040\000p\000h\001\260\001\241\000n\000g\000\040\000\341\000n\000\040\000c\000h\000i\036\277\000u\000\040\000s\000\341\000n\000g\000\040\000v\000\340\000\040\000b\036\331\000\040\001\021\000\350\000n}{section.3.5}% 29
\BOOKMARK [2][-]{subsection.3.5.4}{\376\377\000B\036\321\000\040\000t\000r\000\355\000\040\000c\000\341\000c\000\040\001\021\000\350\000n}{section.3.5}% 30
\BOOKMARK [2][-]{subsection.3.5.5}{\376\377\000T\000h\036\361\000c\000\040\000n\000g\000h\000i\036\307\000m\000\040\000v\000\340\000\040\000c\000h\036\315\000n\000\040\000l\000o\036\241\000i\000\040\001\021\000\350\000n\000\040\000p\000h\000\371\000\040\000h\036\343\000p}{section.3.5}% 31
\BOOKMARK [0][-]{chapter.4}{\376\377\000T\000H\000I\000\040\000C\000\324\000N\000G\000\040\000H\036\306\000\040\000T\000H\036\320\000N\000G\000\040\001\020\000I\036\306\000N}{}% 32
\BOOKMARK [1][-]{section.4.1}{\376\377\000C\000\341\000c\000\040\000t\000h\000i\036\277\000t\000\040\000b\036\313\000\040\001\021\000i\036\307\000n}{chapter.4}% 33
\BOOKMARK [2][-]{subsection.4.1.1}{\376\377\000T\036\325\000n\000g\000\040\000q\000u\000a\000n\000\040\000v\036\301\000\040\000c\000\341\000c\000\040\000p\000h\036\247\000n\000\040\000t\036\355\000\040\001\021\000i\036\307\000n}{section.4.1}% 34
\BOOKMARK [2][-]{subsection.4.1.2}{\376\377\000K\000h\036\321\000i\000\040\000n\000g\000u\036\323\000n}{section.4.1}% 35
\BOOKMARK [2][-]{subsection.4.1.3}{\376\377\001\020\036\331\000n\000g\000\040\000c\001\241\000\040\000b\001\260\036\333\000c}{section.4.1}% 36
\BOOKMARK [2][-]{subsection.4.1.4}{\376\377\000D\000r\000i\000v\000e\000r\000\040\000c\000h\000o\000\040\001\021\036\331\000n\000g\000\040\000c\001\241\000\040\000b\001\260\036\333\000c}{section.4.1}% 37
\BOOKMARK [2][-]{subsection.4.1.5}{\376\377\000M\036\241\000c\000h\000\040\000c\036\247\000u\000\040\000H\000\040\001\021\036\247\000y\000\040\001\021\036\347\000\040\000L\0002\0009\0008\000N}{section.4.1}% 38
\BOOKMARK [2][-]{subsection.4.1.6}{\376\377\000K\000i\000t\000\040\000S\000T\000M\0003\0002\000F\0004\0001\0001\000\040\000-\000\040\000D\000i\000s\000c\000o\000v\000e\000r\000y}{section.4.1}% 39
\BOOKMARK [2][-]{subsection.4.1.7}{\376\377\000M\000o\000d\000u\000l\000e\000\040\000m\036\337\000\040\000r\036\331\000n\000g\000\040\000g\000i\000a\000o\000\040\000t\000i\036\277\000p\000\040\000I\0002\000C\000\040\0008\000\040\000k\000\352\000n\000h\000\040\000T\000C\000A\0009\0005\0004\0008\000A}{section.4.1}% 40
\BOOKMARK [2][-]{subsection.4.1.8}{\376\377\000P\000C\000A\0009\0006\0008\0005}{section.4.1}% 41
\BOOKMARK [2][-]{subsection.4.1.9}{\376\377\000L\000E\000D\000\040\000c\000\364\000n\000g\000\040\000s\000u\036\245\000t\000\040\0003\000W}{section.4.1}% 42
\BOOKMARK [2][-]{subsection.4.1.10}{\376\377\000C\036\243\000m\000\040\000b\000i\036\277\000n\000\040\000\341\000n\000h\000\040\000s\000\341\000n\000g}{section.4.1}% 43
\BOOKMARK [1][-]{section.4.2}{\376\377\000S\001\241\000\040\001\021\036\323\000\040\000k\036\277\000t\000\040\000n\036\321\000i}{chapter.4}% 44
\BOOKMARK [2][-]{subsection.4.2.1}{\376\377\000S\001\241\000\040\001\021\036\323\000\040\000k\036\277\000t\000\040\000n\036\321\000i\000\040\000t\036\325\000n\000g\000\040\000q\000u\000\341\000t}{section.4.2}% 45
\BOOKMARK [2][-]{subsection.4.2.2}{\376\377\000S\001\241\000\040\001\021\036\323\000\040\000k\036\277\000t\000\040\000n\036\321\000i\000\040\001\021\000\350\000n\000\040\000v\000\340\000\040\000m\000o\000d\000u\000l\000e\000\040\000L\0002\0009\0008\000N}{section.4.2}% 46
\BOOKMARK [2][-]{subsection.4.2.3}{\376\377\000S\001\241\000\040\001\021\036\323\000\040\000k\036\277\000t\000\040\000n\036\321\000i\000\040\000D\000r\000i\000v\000e\000r\000\040\000T\000B\0006\0006\0000\0000\000\040\000v\036\333\000i\000\040\001\021\036\331\000n\000g\000\040\000c\001\241\000\040\000b\001\260\036\333\000c}{section.4.2}% 47
\BOOKMARK [0][-]{chapter.5}{\376\377\001\020\000I\036\300\000U\000\040\000K\000H\000I\036\302\000N\000\040\000V\000\300\000\040\000L\036\254\000P\000\040\000T\000R\000\314\000N\000H}{}% 48
\BOOKMARK [1][-]{section.5.1}{\376\377\000T\036\325\000n\000g\000\040\000q\000u\000a\000n\000\040\000v\036\301\000\040\000p\000h\036\247\000n\000\040\001\021\000i\036\301\000u\000\040\000k\000h\000i\036\303\000n}{chapter.5}% 49
\BOOKMARK [2][-]{subsection.5.1.1}{\376\377\000S\001\241\000\040\001\021\036\323\000\040\000k\000h\036\321\000i\000\040\000h\036\307\000\040\000t\000h\036\321\000n\000g\000\040\001\021\000i\036\301\000u\000\040\000k\000h\000i\036\303\000n}{section.5.1}% 50
\BOOKMARK [2][-]{subsection.5.1.2}{\376\377\000K\000h\036\321\000i\000\040\001\021\000i\036\301\000u\000\040\000k\000h\000i\036\303\000n\000\040\000t\000r\000u\000n\000g\000\040\000t\000\342\000m}{section.5.1}% 51
\BOOKMARK [2][-]{subsection.5.1.3}{\376\377\000K\000h\036\321\000i\000\040\000c\036\243\000m\000\040\000b\000i\036\277\000n}{section.5.1}% 52
\BOOKMARK [2][-]{subsection.5.1.4}{\376\377\000K\000h\036\321\000i\000\040\001\021\000i\036\301\000u\000\040\000k\000h\000i\036\303\000n\000\040\000v\036\313\000\040\000t\000r\000\355\000\040\000c\000\341\000c\000\040\000d\000\340\000n\000\040\001\021\000\350\000n}{section.5.1}% 53
\BOOKMARK [2][-]{subsection.5.1.5}{\376\377\000K\000h\036\321\000i\000\040\001\021\000i\036\301\000u\000\040\000k\000h\000i\036\303\000n\000\040\001\021\036\331\000\040\000s\000\341\000n\000g\000\040\000c\000\341\000c\000\040\000b\000\363\000n\000g\000\040\001\021\000\350\000n}{section.5.1}% 54
\BOOKMARK [1][-]{section.5.2}{\376\377\000L\036\255\000p\000\040\000t\000r\000\354\000n\000h\000\040\000c\000\341\000c\000\040\000c\000h\036\351\000c\000\040\000n\001\003\000n\000g\000\040\000M\000a\000n\000u\000a\000l}{chapter.5}% 55
\BOOKMARK [2][-]{subsection.5.2.1}{\376\377\000L\001\260\000u\000\040\001\021\036\323\000\040\000g\000i\036\243\000i\000\040\000t\000h\000u\036\255\000t\000\040\000c\000h\001\260\001\241\000n\000g\000\040\000t\000r\000\354\000n\000h\000\040\001\021\000i\036\301\000u\000\040\000k\000h\000i\036\303\000n}{section.5.2}% 56
\BOOKMARK [2][-]{subsection.5.2.2}{\376\377\001\020\036\315\000c\000\040\000d\036\357\000\040\000l\000i\036\307\000u\000\040\000t\036\353\000\040\000c\036\243\000m\000\040\000b\000i\036\277\000n}{section.5.2}% 57
\BOOKMARK [2][-]{subsection.5.2.3}{\376\377\001\020\000i\036\301\000u\000\040\000k\000h\000i\036\303\000n\000\040\000t\000o\036\241\000\040\001\021\036\331\000\040\000c\000\341\000c\000\040\000d\000\340\000n\000\040\001\021\000\350\000n}{section.5.2}% 58
\BOOKMARK [2][-]{subsection.5.2.4}{\376\377\001\020\000i\036\301\000u\000\040\000k\000h\000i\036\303\000n\000\040\001\021\036\331\000\040\000s\000\341\000n\000g\000\040\000c\036\347\000a\000\040\000c\000\341\000c\000\040\000b\000\363\000n\000g\000\040\001\021\000\350\000n}{section.5.2}% 59
\BOOKMARK [2][-]{subsection.5.2.5}{\376\377\000N\000h\036\255\000n\000\040\000t\000\355\000n\000\040\000h\000i\036\307\000u\000\040\000t\036\353\000\040\000m\000\341\000y\000\040\000t\000\355\000n\000h\000\040\000v\000\340\000\040\000t\000h\036\361\000c\000\040\000h\000i\036\307\000n\000\040\000c\000\341\000c\000\040\000t\000h\000a\000o\000\040\000t\000\341\000c\000\040\001\021\000i\036\301\000u\000\040\000k\000h\000i\036\303\000n}{section.5.2}% 60
\BOOKMARK [2][-]{subsection.5.2.6}{\376\377\000P\000h\036\247\000n\000\040\000m\036\301\000m\000\040\001\021\000i\036\301\000u\000\040\000k\000h\000i\036\303\000n\000\040\000g\000i\000a\000o\000\040\000d\000i\036\307\000n\000\040\000t\000r\000\352\000n\000\040\000m\000\341\000y\000\040\000t\000\355\000n\000h}{section.5.2}% 61
\BOOKMARK [0][-]{chapter.6}{\376\377\000T\036\324\000N\000G\000\040\000K\036\276\000T\000,\000\040\001\020\000\301\000N\000H\000\040\000G\000I\000\301\000\040\000\040\000V\000\300\000\040\000H\001\257\036\332\000N\000G\000\040\000P\000H\000\301\000T\000\040\000T\000R\000I\036\302\000N}{}% 62
\BOOKMARK [1][-]{section.6.1}{\376\377\000T\036\325\000n\000g\000\040\000k\036\277\000t\000,\000\040\001\021\000\341\000n\000h\000\040\000g\000i\000\341}{chapter.6}% 63
\BOOKMARK [1][-]{section.6.2}{\376\377\000H\001\260\036\333\000n\000g\000\040\000p\000h\000\341\000t\000\040\000t\000r\000i\036\303\000n}{chapter.6}% 64
\BOOKMARK [0][-]{chapter*.62}{\376\377\000T\000\300\000I\000\040\000L\000I\036\306\000U\000\040\000T\000H\000A\000M\000\040\000K\000H\036\242\000O}{}% 65
